Using pre-set license
Built from '2021.3/staging' branch; Version is '2021.3.5f1 (40eb3a945986) revision 4254522'; Using compiler version '192829333'; Build Type 'Release'
OS: 'Windows 10  (10.0.19044) 64bit Core' Language: 'ko' Physical Memory: 16310 MB
BatchMode: 1, IsHumanControllingUs: 0, StartBugReporterOnCrash: 0, Is64bit: 1, IsPro: 1

COMMAND LINE ARGUMENTS:
C:\Program Files\Unity\Hub\Editor\2021.3.5f1\Editor\Unity.exe
-adb2
-batchMode
-noUpm
-name
AssetImportWorker1
-projectPath
C:/Metaverse_01/-model-of-friends-across-the-street/My project
-logFile
Logs/AssetImportWorker1.log
-srvPort
5831
Successfully changed project path to: C:/Metaverse_01/-model-of-friends-across-the-street/My project
C:/Metaverse_01/-model-of-friends-across-the-street/My project
[UnityMemory] Configuration Parameters - Can be set up in boot.config
    "memorysetup-bucket-allocator-granularity=16"
    "memorysetup-bucket-allocator-bucket-count=8"
    "memorysetup-bucket-allocator-block-size=33554432"
    "memorysetup-bucket-allocator-block-count=8"
    "memorysetup-main-allocator-block-size=16777216"
    "memorysetup-thread-allocator-block-size=16777216"
    "memorysetup-gfx-main-allocator-block-size=16777216"
    "memorysetup-gfx-thread-allocator-block-size=16777216"
    "memorysetup-cache-allocator-block-size=4194304"
    "memorysetup-typetree-allocator-block-size=2097152"
    "memorysetup-profiler-bucket-allocator-granularity=16"
    "memorysetup-profiler-bucket-allocator-bucket-count=8"
    "memorysetup-profiler-bucket-allocator-block-size=33554432"
    "memorysetup-profiler-bucket-allocator-block-count=8"
    "memorysetup-profiler-allocator-block-size=16777216"
    "memorysetup-profiler-editor-allocator-block-size=1048576"
    "memorysetup-temp-allocator-size-main=16777216"
    "memorysetup-job-temp-allocator-block-size=2097152"
    "memorysetup-job-temp-allocator-block-size-background=1048576"
    "memorysetup-job-temp-allocator-reduction-small-platforms=262144"
    "memorysetup-temp-allocator-size-background-worker=32768"
    "memorysetup-temp-allocator-size-job-worker=262144"
    "memorysetup-temp-allocator-size-preload-manager=33554432"
    "memorysetup-temp-allocator-size-nav-mesh-worker=65536"
    "memorysetup-temp-allocator-size-audio-worker=65536"
    "memorysetup-temp-allocator-size-cloud-worker=32768"
    "memorysetup-temp-allocator-size-gi-baking-worker=262144"
    "memorysetup-temp-allocator-size-gfx=262144"
Refreshing native plugins compatible for Editor in 65.68 ms, found 3 plugins.
Preloading 0 native plugins for Editor in 0.00 ms.
Initialize engine version: 2021.3.5f1 (40eb3a945986)
[Subsystems] Discovering subsystems at path C:/Program Files/Unity/Hub/Editor/2021.3.5f1/Editor/Data/Resources/UnitySubsystems
[Subsystems] Discovering subsystems at path C:/Metaverse_01/-model-of-friends-across-the-street/My project/Assets
GfxDevice: creating device client; threaded=0; jobified=0
Direct3D:
    Version:  Direct3D 11.0 [level 11.1]
    Renderer: NVIDIA GeForce RTX 3070 (ID=0x2484)
    Vendor:   NVIDIA
    VRAM:     8043 MB
    Driver:   27.21.14.6109
Initialize mono
Mono path[0] = 'C:/Program Files/Unity/Hub/Editor/2021.3.5f1/Editor/Data/Managed'
Mono path[1] = 'C:/Program Files/Unity/Hub/Editor/2021.3.5f1/Editor/Data/MonoBleedingEdge/lib/mono/unityjit-win32'
Mono config path = 'C:/Program Files/Unity/Hub/Editor/2021.3.5f1/Editor/Data/MonoBleedingEdge/etc'
Using monoOptions --debugger-agent=transport=dt_socket,embedding=1,server=y,suspend=n,address=127.0.0.1:56000
Begin MonoManager ReloadAssembly
Registering precompiled unity dll's ...
Register platform support module: C:/Program Files/Unity/Hub/Editor/2021.3.5f1/Editor/Data/PlaybackEngines/AndroidPlayer/UnityEditor.Android.Extensions.dll
Register platform support module: C:/Program Files/Unity/Hub/Editor/2021.3.5f1/Editor/Data/PlaybackEngines/WindowsStandaloneSupport/UnityEditor.WindowsStandalone.Extensions.dll
Registered in 0.012233 seconds.
Native extension for WindowsStandalone target not found
Native extension for Android target not found
Refreshing native plugins compatible for Editor in 67.71 ms, found 3 plugins.
Preloading 0 native plugins for Editor in 0.00 ms.
Mono: successfully reloaded assembly
- Completed reload, in  0.603 seconds
Domain Reload Profiling:
	ReloadAssembly (604ms)
		BeginReloadAssembly (130ms)
			ExecutionOrderSort (0ms)
			DisableScriptedObjects (0ms)
			BackupInstance (0ms)
			ReleaseScriptingObjects (0ms)
			CreateAndSetChildDomain (1ms)
		EndReloadAssembly (377ms)
			LoadAssemblies (126ms)
			RebuildTransferFunctionScriptingTraits (0ms)
			SetupTypeCache (83ms)
			ReleaseScriptCaches (0ms)
			RebuildScriptCaches (25ms)
			SetupLoadedEditorAssemblies (228ms)
				LogAssemblyErrors (0ms)
				InitializePlatformSupportModulesInManaged (44ms)
				SetLoadedEditorAssemblies (0ms)
				RefreshPlugins (68ms)
				BeforeProcessingInitializeOnLoad (1ms)
				ProcessInitializeOnLoadAttributes (76ms)
				ProcessInitializeOnLoadMethodAttributes (40ms)
				AfterProcessingInitializeOnLoad (0ms)
				EditorAssembliesLoaded (0ms)
			ExecutionOrderSort2 (0ms)
			AwakeInstancesAfterBackupRestoration (0ms)
Platform modules already initialized, skipping
Registering precompiled user dll's ...
Registered in 0.007217 seconds.
Begin MonoManager ReloadAssembly
Symbol file LoadedFromMemory doesn't match image C:\Metaverse_01\-model-of-friends-across-the-street\My project\Library\PackageCache\com.unity.visualscripting@1.7.8\Editor\VisualScripting.Core\Dependencies\YamlDotNet\Unity.VisualScripting.YamlDotNet.dll
Symbol file LoadedFromMemory doesn't match image C:\Metaverse_01\-model-of-friends-across-the-street\My project\Library\PackageCache\com.unity.visualscripting@1.7.8\Editor\VisualScripting.Core\Dependencies\DotNetZip\Unity.VisualScripting.IonicZip.dll
Native extension for WindowsStandalone target not found
Native extension for Android target not found
Refreshing native plugins compatible for Editor in 0.87 ms, found 3 plugins.
Preloading 0 native plugins for Editor in 0.00 ms.
Mono: successfully reloaded assembly
- Completed reload, in  1.001 seconds
Domain Reload Profiling:
	ReloadAssembly (1002ms)
		BeginReloadAssembly (214ms)
			ExecutionOrderSort (0ms)
			DisableScriptedObjects (4ms)
			BackupInstance (0ms)
			ReleaseScriptingObjects (0ms)
			CreateAndSetChildDomain (118ms)
		EndReloadAssembly (694ms)
			LoadAssemblies (136ms)
			RebuildTransferFunctionScriptingTraits (0ms)
			SetupTypeCache (194ms)
			ReleaseScriptCaches (0ms)
			RebuildScriptCaches (34ms)
			SetupLoadedEditorAssemblies (305ms)
				LogAssemblyErrors (0ms)
				InitializePlatformSupportModulesInManaged (13ms)
				SetLoadedEditorAssemblies (0ms)
				RefreshPlugins (1ms)
				BeforeProcessingInitializeOnLoad (84ms)
				ProcessInitializeOnLoadAttributes (171ms)
				ProcessInitializeOnLoadMethodAttributes (25ms)
				AfterProcessingInitializeOnLoad (11ms)
				EditorAssembliesLoaded (0ms)
			ExecutionOrderSort2 (0ms)
			AwakeInstancesAfterBackupRestoration (12ms)
Platform modules already initialized, skipping
========================================================================
Worker process is ready to serve import requests
Launched and connected shader compiler UnityShaderCompiler.exe after 0.06 seconds
Refreshing native plugins compatible for Editor in 0.62 ms, found 3 plugins.
Preloading 0 native plugins for Editor in 0.00 ms.
Unloading 3368 Unused Serialized files (Serialized files now loaded: 0)
Unloading 27 unused Assets / (111.0 KB). Loaded Objects now: 3826.
Memory consumption went from 115.9 MB to 115.8 MB.
Total: 2.674700 ms (FindLiveObjects: 0.238100 ms CreateObjectMapping: 0.072700 ms MarkObjects: 2.254900 ms  DeleteObjects: 0.108100 ms)

AssetImportParameters requested are different than current active one (requested -> active):
  custom:video-decoder-ogg-theora: a1e56fd34408186e4bbccfd4996cb3dc -> 
  custom:container-muxer-webm: aa71ff27fc2769a1b78a27578f13a17b -> 
  custom:container-demuxer-webm: 4f35f7cbe854078d1ac9338744f61a02 -> 
  custom:video-encoder-webm-vp8: eb34c28f22e8b96e1ab97ce403110664 -> 
  custom:audio-encoder-webm-vorbis: bf7c407c2cedff20999df2af8eb42d56 -> 
  custom:framework-win-MediaFoundation: 216162199b28c13a410421893ffa2e32 -> 
  custom:container-demuxer-ogg: 62fdf1f143b41e24485cea50d1cbac27 -> 
  custom:video-decoder-webm-vp8: 9c59270c3fd7afecdb556c50c9e8de78 -> 
  custom:audio-decoder-ogg-vorbis: bf7c407c2cedff20999df2af8eb42d56 -> 
========================================================================
Received Import Request.
  Time since last request: 18188.649138 seconds.
  path: Assets/Toon Vehicles Free/Materials/Asphalt.mat
  artifactKey: Guid(50435510e9570a24f8ed399caa5d0bda) Importer(815301076,1909f56bfc062723c751e8b465ee728b)
Start importing Assets/Toon Vehicles Free/Materials/Asphalt.mat using Guid(50435510e9570a24f8ed399caa5d0bda) Importer(815301076,1909f56bfc062723c751e8b465ee728b)  -> (artifact id: '2f6d35b34f1f47faafaefbce493f7bd4') in 0.271331 seconds 
========================================================================
Received Import Request.
  Time since last request: 0.583316 seconds.
  path: Assets/Toon Vehicles Free/Models/Car Wheels/BaseS.fbx
  artifactKey: Guid(c37505d493a767440a516449242bbc2e) Importer(815301076,1909f56bfc062723c751e8b465ee728b)
Start importing Assets/Toon Vehicles Free/Models/Car Wheels/BaseS.fbx using Guid(c37505d493a767440a516449242bbc2e) Importer(815301076,1909f56bfc062723c751e8b465ee728b)  -> (artifact id: '61092abf4c94c8deb74b18e97a1cec06') in 0.125890 seconds 
========================================================================
Received Import Request.
  Time since last request: 8.630827 seconds.
  path: Assets/Toon Vehicles Free/Prefabs/Flat/Hatchback.prefab
  artifactKey: Guid(6ca31454312a28e46bbbcdd24a83df48) Importer(815301076,1909f56bfc062723c751e8b465ee728b)
Start importing Assets/Toon Vehicles Free/Prefabs/Flat/Hatchback.prefab using Guid(6ca31454312a28e46bbbcdd24a83df48) Importer(815301076,1909f56bfc062723c751e8b465ee728b)  -> (artifact id: '8552ec6795790a4c5f392baa8c2c92f0') in 0.020829 seconds 
========================================================================
Received Import Request.
  Time since last request: 0.000017 seconds.
  path: Assets/Toon Vehicles Free/Prefabs/Flat/Police.prefab
  artifactKey: Guid(1f98b0fb92c6f184b81db205653ab19c) Importer(815301076,1909f56bfc062723c751e8b465ee728b)
Start importing Assets/Toon Vehicles Free/Prefabs/Flat/Police.prefab using Guid(1f98b0fb92c6f184b81db205653ab19c) Importer(815301076,1909f56bfc062723c751e8b465ee728b)  -> (artifact id: 'f15c938f8af3067a41ec77abda5997d3') in 0.028023 seconds 
========================================================================
Received Import Request.
  Time since last request: 0.333194 seconds.
  path: Assets/Toon Vehicles Free/Prefabs/Gradient/Hatchback.prefab
  artifactKey: Guid(b86ec16f01464674d9941767e567a480) Importer(815301076,1909f56bfc062723c751e8b465ee728b)
Start importing Assets/Toon Vehicles Free/Prefabs/Gradient/Hatchback.prefab using Guid(b86ec16f01464674d9941767e567a480) Importer(815301076,1909f56bfc062723c751e8b465ee728b)  -> (artifact id: '4212ef29798e46278c1a19737ed19413') in 0.015106 seconds 
========================================================================
Received Import Request.
  Time since last request: 0.000021 seconds.
  path: Assets/Toon Vehicles Free/Prefabs/Gradient/Police.prefab
  artifactKey: Guid(003a5f3093db0e145892fdd69d4516bb) Importer(815301076,1909f56bfc062723c751e8b465ee728b)
Start importing Assets/Toon Vehicles Free/Prefabs/Gradient/Police.prefab using Guid(003a5f3093db0e145892fdd69d4516bb) Importer(815301076,1909f56bfc062723c751e8b465ee728b)  -> (artifact id: '83147c137d402ca2a2e9632e905658fa') in 0.017830 seconds 
========================================================================
Received Import Request.
  Time since last request: 3.168003 seconds.
  path: Assets/Toon Vehicles Free/Textures/Flat/Cars_Blue.png
  artifactKey: Guid(ad11b0c95a7f5314e910d32b7cb47def) Importer(815301076,1909f56bfc062723c751e8b465ee728b)
Start importing Assets/Toon Vehicles Free/Textures/Flat/Cars_Blue.png using Guid(ad11b0c95a7f5314e910d32b7cb47def) Importer(815301076,1909f56bfc062723c751e8b465ee728b)  -> (artifact id: 'f92118305a4d9e6387f2bc4493be3154') in 0.035287 seconds 
========================================================================
Received Import Request.
  Time since last request: 0.000029 seconds.
  path: Assets/Toon Vehicles Free/Textures/Flat/Cars_Brown.png
  artifactKey: Guid(83081e5de111f2345b77f1ceddc1dae2) Importer(815301076,1909f56bfc062723c751e8b465ee728b)
Start importing Assets/Toon Vehicles Free/Textures/Flat/Cars_Brown.png using Guid(83081e5de111f2345b77f1ceddc1dae2) Importer(815301076,1909f56bfc062723c751e8b465ee728b)  -> (artifact id: 'b1685b420f1f2d075a0cd9349ee2b8ff') in 0.008326 seconds 
========================================================================
Received Import Request.
  Time since last request: 0.000029 seconds.
  path: Assets/Toon Vehicles Free/Textures/Flat/Cars_White.png
  artifactKey: Guid(a5783ad0426bd984e868343cb1ebc248) Importer(815301076,1909f56bfc062723c751e8b465ee728b)
Start importing Assets/Toon Vehicles Free/Textures/Flat/Cars_White.png using Guid(a5783ad0426bd984e868343cb1ebc248) Importer(815301076,1909f56bfc062723c751e8b465ee728b)  -> (artifact id: '0dc988ca17c75ca20e1da9467d839a15') in 0.008183 seconds 
========================================================================
Received Import Request.
  Time since last request: 0.000015 seconds.
  path: Assets/Toon Vehicles Free/Textures/Flat/Cars_Violet.png
  artifactKey: Guid(78f1f02999b78ae4a8cf1c3e8cee6d1c) Importer(815301076,1909f56bfc062723c751e8b465ee728b)
Start importing Assets/Toon Vehicles Free/Textures/Flat/Cars_Violet.png using Guid(78f1f02999b78ae4a8cf1c3e8cee6d1c) Importer(815301076,1909f56bfc062723c751e8b465ee728b)  -> (artifact id: 'a05e1704b5bc5e159c01779eb23c9a22') in 0.009530 seconds 
========================================================================
Received Import Request.
  Time since last request: 0.000025 seconds.
  path: Assets/Toon Vehicles Free/Textures/Flat/Cars_Red.png
  artifactKey: Guid(15ab1ea5c95b3b843ad7a23254984d85) Importer(815301076,1909f56bfc062723c751e8b465ee728b)
Start importing Assets/Toon Vehicles Free/Textures/Flat/Cars_Red.png using Guid(15ab1ea5c95b3b843ad7a23254984d85) Importer(815301076,1909f56bfc062723c751e8b465ee728b)  -> (artifact id: 'b9059a5755d1cc0c5c89d4a9b40e4d24') in 0.009597 seconds 
========================================================================
Received Import Request.
  Time since last request: 0.000017 seconds.
  path: Assets/Toon Vehicles Free/Textures/Flat/Cars_Yellow.png
  artifactKey: Guid(0f7485bb2f1a13546b3416f063af70d1) Importer(815301076,1909f56bfc062723c751e8b465ee728b)
Start importing Assets/Toon Vehicles Free/Textures/Flat/Cars_Yellow.png using Guid(0f7485bb2f1a13546b3416f063af70d1) Importer(815301076,1909f56bfc062723c751e8b465ee728b)  -> (artifact id: 'c4abd87513efb69705dd2a694cefa4ab') in 0.008332 seconds 
========================================================================
Received Import Request.
  Time since last request: 3.842705 seconds.
  path: Assets/Toon Vehicles Free/Materials/Flat/Cars_BlueDark.mat
  artifactKey: Guid(98e1d4729a809a44a82094112c49c1b8) Importer(815301076,1909f56bfc062723c751e8b465ee728b)
Start importing Assets/Toon Vehicles Free/Materials/Flat/Cars_BlueDark.mat using Guid(98e1d4729a809a44a82094112c49c1b8) Importer(815301076,1909f56bfc062723c751e8b465ee728b)  -> (artifact id: '53e72c95626daac7f8394b61b44420dc') in 0.009174 seconds 
========================================================================
Received Import Request.
  Time since last request: 0.000016 seconds.
  path: Assets/Toon Vehicles Free/Materials/Flat/Cars_Gray.mat
  artifactKey: Guid(ec3d3cbefc8a06442931b06bfa65462c) Importer(815301076,1909f56bfc062723c751e8b465ee728b)
Start importing Assets/Toon Vehicles Free/Materials/Flat/Cars_Gray.mat using Guid(ec3d3cbefc8a06442931b06bfa65462c) Importer(815301076,1909f56bfc062723c751e8b465ee728b)  -> (artifact id: '682d258f761522edd2350dbee8aa65ec') in 0.010885 seconds 
========================================================================
Received Import Request.
  Time since last request: 0.000017 seconds.
  path: Assets/Toon Vehicles Free/Materials/Flat/Cars_Red.mat
  artifactKey: Guid(13a93e8e4cb28c94db4dc03f39085a54) Importer(815301076,1909f56bfc062723c751e8b465ee728b)
Start importing Assets/Toon Vehicles Free/Materials/Flat/Cars_Red.mat using Guid(13a93e8e4cb28c94db4dc03f39085a54) Importer(815301076,1909f56bfc062723c751e8b465ee728b)  -> (artifact id: 'ac9481e63a7aebee0e13b2f76873945e') in 0.011268 seconds 
========================================================================
Received Import Request.
  Time since last request: 0.000018 seconds.
  path: Assets/Toon Vehicles Free/Materials/Flat/Cars_Violet.mat
  artifactKey: Guid(5b99b81e8adb3ec4fa00beb0658a7fca) Importer(815301076,1909f56bfc062723c751e8b465ee728b)
Start importing Assets/Toon Vehicles Free/Materials/Flat/Cars_Violet.mat using Guid(5b99b81e8adb3ec4fa00beb0658a7fca) Importer(815301076,1909f56bfc062723c751e8b465ee728b)  -> (artifact id: '62aca5a5793d3e62edcac187f0f4069b') in 0.040199 seconds 
========================================================================
Received Import Request.
  Time since last request: 0.000016 seconds.
  path: Assets/Toon Vehicles Free/Materials/Flat/Cars_Green.mat
  artifactKey: Guid(f310de1b35cad814183dd69d946cad93) Importer(815301076,1909f56bfc062723c751e8b465ee728b)
Start importing Assets/Toon Vehicles Free/Materials/Flat/Cars_Green.mat using Guid(f310de1b35cad814183dd69d946cad93) Importer(815301076,1909f56bfc062723c751e8b465ee728b)  -> (artifact id: '5ac68d6a19f8f372045a710f3d29de39') in 0.011185 seconds 
========================================================================
Received Import Request.
  Time since last request: 0.000015 seconds.
  path: Assets/Toon Vehicles Free/Materials/Flat/Cars_Turquoise.mat
  artifactKey: Guid(d29e63824cce4734aba8b596bfe40764) Importer(815301076,1909f56bfc062723c751e8b465ee728b)
Start importing Assets/Toon Vehicles Free/Materials/Flat/Cars_Turquoise.mat using Guid(d29e63824cce4734aba8b596bfe40764) Importer(815301076,1909f56bfc062723c751e8b465ee728b)  -> (artifact id: 'ce9d27fdc5ac84671a7c1be3b1d704a8') in 0.008645 seconds 
========================================================================
Received Import Request.
  Time since last request: 0.329866 seconds.
  path: Assets/Toon Vehicles Free/Materials/Gradient/Cars_BlueDark.mat
  artifactKey: Guid(9d24f8141e2aee647b12cddef4976b4b) Importer(815301076,1909f56bfc062723c751e8b465ee728b)
Start importing Assets/Toon Vehicles Free/Materials/Gradient/Cars_BlueDark.mat using Guid(9d24f8141e2aee647b12cddef4976b4b) Importer(815301076,1909f56bfc062723c751e8b465ee728b)  -> (artifact id: '586e2093d9bf8bb5d0eaed7b60cc0a3b') in 0.011162 seconds 
========================================================================
Received Import Request.
  Time since last request: 0.000019 seconds.
  path: Assets/Toon Vehicles Free/Materials/Gradient/Cars_Red.mat
  artifactKey: Guid(f9b5f1d4e3f2c00469dcea8b7a870b85) Importer(815301076,1909f56bfc062723c751e8b465ee728b)
Start importing Assets/Toon Vehicles Free/Materials/Gradient/Cars_Red.mat using Guid(f9b5f1d4e3f2c00469dcea8b7a870b85) Importer(815301076,1909f56bfc062723c751e8b465ee728b)  -> (artifact id: '38b963e057015980571eb7bf5b799509') in 0.011077 seconds 
========================================================================
Received Import Request.
  Time since last request: 0.000055 seconds.
  path: Assets/Toon Vehicles Free/Materials/Gradient/Cars_Orange.mat
  artifactKey: Guid(f75f22b8ca503c749a07c0c9dc572ded) Importer(815301076,1909f56bfc062723c751e8b465ee728b)
Start importing Assets/Toon Vehicles Free/Materials/Gradient/Cars_Orange.mat using Guid(f75f22b8ca503c749a07c0c9dc572ded) Importer(815301076,1909f56bfc062723c751e8b465ee728b)  -> (artifact id: 'e42013aebad8053be9e5b9f257ad35f6') in 0.012542 seconds 
========================================================================
Received Import Request.
  Time since last request: 0.000014 seconds.
  path: Assets/Toon Vehicles Free/Materials/Gradient/Cars_Yellow.mat
  artifactKey: Guid(97898086597fde442bf08e0617b56b57) Importer(815301076,1909f56bfc062723c751e8b465ee728b)
Start importing Assets/Toon Vehicles Free/Materials/Gradient/Cars_Yellow.mat using Guid(97898086597fde442bf08e0617b56b57) Importer(815301076,1909f56bfc062723c751e8b465ee728b)  -> (artifact id: '9413de94094c59842bae87a4c12cf133') in 0.016072 seconds 
========================================================================
Received Import Request.
  Time since last request: 2.894732 seconds.
  path: Assets/Toon Vehicles Free/Models/City Cars/Police.fbx
  artifactKey: Guid(60ad550c2cbdaa445a829b1646a6c4c7) Importer(815301076,1909f56bfc062723c751e8b465ee728b)
Start importing Assets/Toon Vehicles Free/Models/City Cars/Police.fbx using Guid(60ad550c2cbdaa445a829b1646a6c4c7) Importer(815301076,1909f56bfc062723c751e8b465ee728b)  -> (artifact id: 'f8149f2a598dcd09c095d29d1bd42683') in 0.015981 seconds 
========================================================================
Received Import Request.
  Time since last request: 0.000018 seconds.
  path: Assets/Toon Vehicles Free/Models/City Cars/Sedan.fbx
  artifactKey: Guid(8792eaa902bb9b9419bdbdf6e46a76af) Importer(815301076,1909f56bfc062723c751e8b465ee728b)
Start importing Assets/Toon Vehicles Free/Models/City Cars/Sedan.fbx using Guid(8792eaa902bb9b9419bdbdf6e46a76af) Importer(815301076,1909f56bfc062723c751e8b465ee728b)  -> (artifact id: '13a29cef63afb2072d935dadedf8edfd') in 0.021673 seconds 
