Using pre-set license
Built from '2021.3/staging' branch; Version is '2021.3.5f1 (40eb3a945986) revision 4254522'; Using compiler version '192829333'; Build Type 'Release'
OS: 'Windows 10  (10.0.19044) 64bit Core' Language: 'ko' Physical Memory: 16310 MB
BatchMode: 1, IsHumanControllingUs: 0, StartBugReporterOnCrash: 0, Is64bit: 1, IsPro: 1

COMMAND LINE ARGUMENTS:
C:\Program Files\Unity\Hub\Editor\2021.3.5f1\Editor\Unity.exe
-adb2
-batchMode
-noUpm
-name
AssetImportWorker2
-projectPath
C:/Metaverse_01/-model-of-friends-across-the-street/My project
-logFile
Logs/AssetImportWorker2.log
-srvPort
6217
Successfully changed project path to: C:/Metaverse_01/-model-of-friends-across-the-street/My project
C:/Metaverse_01/-model-of-friends-across-the-street/My project
[UnityMemory] Configuration Parameters - Can be set up in boot.config
    "memorysetup-bucket-allocator-granularity=16"
    "memorysetup-bucket-allocator-bucket-count=8"
    "memorysetup-bucket-allocator-block-size=33554432"
    "memorysetup-bucket-allocator-block-count=8"
    "memorysetup-main-allocator-block-size=16777216"
    "memorysetup-thread-allocator-block-size=16777216"
    "memorysetup-gfx-main-allocator-block-size=16777216"
    "memorysetup-gfx-thread-allocator-block-size=16777216"
    "memorysetup-cache-allocator-block-size=4194304"
    "memorysetup-typetree-allocator-block-size=2097152"
    "memorysetup-profiler-bucket-allocator-granularity=16"
    "memorysetup-profiler-bucket-allocator-bucket-count=8"
    "memorysetup-profiler-bucket-allocator-block-size=33554432"
    "memorysetup-profiler-bucket-allocator-block-count=8"
    "memorysetup-profiler-allocator-block-size=16777216"
    "memorysetup-profiler-editor-allocator-block-size=1048576"
    "memorysetup-temp-allocator-size-main=16777216"
    "memorysetup-job-temp-allocator-block-size=2097152"
    "memorysetup-job-temp-allocator-block-size-background=1048576"
    "memorysetup-job-temp-allocator-reduction-small-platforms=262144"
    "memorysetup-temp-allocator-size-background-worker=32768"
    "memorysetup-temp-allocator-size-job-worker=262144"
    "memorysetup-temp-allocator-size-preload-manager=33554432"
    "memorysetup-temp-allocator-size-nav-mesh-worker=65536"
    "memorysetup-temp-allocator-size-audio-worker=65536"
    "memorysetup-temp-allocator-size-cloud-worker=32768"
    "memorysetup-temp-allocator-size-gi-baking-worker=262144"
    "memorysetup-temp-allocator-size-gfx=262144"
Refreshing native plugins compatible for Editor in 67.84 ms, found 3 plugins.
Preloading 0 native plugins for Editor in 0.00 ms.
Initialize engine version: 2021.3.5f1 (40eb3a945986)
[Subsystems] Discovering subsystems at path C:/Program Files/Unity/Hub/Editor/2021.3.5f1/Editor/Data/Resources/UnitySubsystems
[Subsystems] Discovering subsystems at path C:/Metaverse_01/-model-of-friends-across-the-street/My project/Assets
GfxDevice: creating device client; threaded=0; jobified=0
Direct3D:
    Version:  Direct3D 11.0 [level 11.1]
    Renderer: NVIDIA GeForce RTX 3070 (ID=0x2484)
    Vendor:   NVIDIA
    VRAM:     8043 MB
    Driver:   27.21.14.6109
Initialize mono
Mono path[0] = 'C:/Program Files/Unity/Hub/Editor/2021.3.5f1/Editor/Data/Managed'
Mono path[1] = 'C:/Program Files/Unity/Hub/Editor/2021.3.5f1/Editor/Data/MonoBleedingEdge/lib/mono/unityjit-win32'
Mono config path = 'C:/Program Files/Unity/Hub/Editor/2021.3.5f1/Editor/Data/MonoBleedingEdge/etc'
Using monoOptions --debugger-agent=transport=dt_socket,embedding=1,server=y,suspend=n,address=127.0.0.1:56496
Begin MonoManager ReloadAssembly
Registering precompiled unity dll's ...
Register platform support module: C:/Program Files/Unity/Hub/Editor/2021.3.5f1/Editor/Data/PlaybackEngines/AndroidPlayer/UnityEditor.Android.Extensions.dll
Register platform support module: C:/Program Files/Unity/Hub/Editor/2021.3.5f1/Editor/Data/PlaybackEngines/WindowsStandaloneSupport/UnityEditor.WindowsStandalone.Extensions.dll
Registered in 0.008822 seconds.
Native extension for WindowsStandalone target not found
Native extension for Android target not found
Refreshing native plugins compatible for Editor in 74.14 ms, found 3 plugins.
Preloading 0 native plugins for Editor in 0.00 ms.
Mono: successfully reloaded assembly
- Completed reload, in  0.514 seconds
Domain Reload Profiling:
	ReloadAssembly (514ms)
		BeginReloadAssembly (69ms)
			ExecutionOrderSort (0ms)
			DisableScriptedObjects (0ms)
			BackupInstance (0ms)
			ReleaseScriptingObjects (0ms)
			CreateAndSetChildDomain (1ms)
		EndReloadAssembly (358ms)
			LoadAssemblies (67ms)
			RebuildTransferFunctionScriptingTraits (0ms)
			SetupTypeCache (72ms)
			ReleaseScriptCaches (0ms)
			RebuildScriptCaches (18ms)
			SetupLoadedEditorAssemblies (228ms)
				LogAssemblyErrors (0ms)
				InitializePlatformSupportModulesInManaged (43ms)
				SetLoadedEditorAssemblies (0ms)
				RefreshPlugins (74ms)
				BeforeProcessingInitializeOnLoad (1ms)
				ProcessInitializeOnLoadAttributes (71ms)
				ProcessInitializeOnLoadMethodAttributes (38ms)
				AfterProcessingInitializeOnLoad (0ms)
				EditorAssembliesLoaded (0ms)
			ExecutionOrderSort2 (0ms)
			AwakeInstancesAfterBackupRestoration (0ms)
Platform modules already initialized, skipping
Registering precompiled user dll's ...
Registered in 0.007292 seconds.
Begin MonoManager ReloadAssembly
Symbol file LoadedFromMemory doesn't match image C:\Metaverse_01\-model-of-friends-across-the-street\My project\Library\PackageCache\com.unity.visualscripting@1.7.8\Editor\VisualScripting.Core\Dependencies\YamlDotNet\Unity.VisualScripting.YamlDotNet.dll
Symbol file LoadedFromMemory doesn't match image C:\Metaverse_01\-model-of-friends-across-the-street\My project\Library\PackageCache\com.unity.visualscripting@1.7.8\Editor\VisualScripting.Core\Dependencies\DotNetZip\Unity.VisualScripting.IonicZip.dll
Native extension for WindowsStandalone target not found
Native extension for Android target not found
Refreshing native plugins compatible for Editor in 0.60 ms, found 3 plugins.
Preloading 0 native plugins for Editor in 0.00 ms.
Mono: successfully reloaded assembly
- Completed reload, in  0.885 seconds
Domain Reload Profiling:
	ReloadAssembly (885ms)
		BeginReloadAssembly (204ms)
			ExecutionOrderSort (0ms)
			DisableScriptedObjects (4ms)
			BackupInstance (0ms)
			ReleaseScriptingObjects (0ms)
			CreateAndSetChildDomain (125ms)
		EndReloadAssembly (591ms)
			LoadAssemblies (78ms)
			RebuildTransferFunctionScriptingTraits (0ms)
			SetupTypeCache (176ms)
			ReleaseScriptCaches (0ms)
			RebuildScriptCaches (34ms)
			SetupLoadedEditorAssemblies (279ms)
				LogAssemblyErrors (0ms)
				InitializePlatformSupportModulesInManaged (12ms)
				SetLoadedEditorAssemblies (0ms)
				RefreshPlugins (1ms)
				BeforeProcessingInitializeOnLoad (71ms)
				ProcessInitializeOnLoadAttributes (164ms)
				ProcessInitializeOnLoadMethodAttributes (21ms)
				AfterProcessingInitializeOnLoad (10ms)
				EditorAssembliesLoaded (0ms)
			ExecutionOrderSort2 (0ms)
			AwakeInstancesAfterBackupRestoration (10ms)
Platform modules already initialized, skipping
========================================================================
Worker process is ready to serve import requests
Launched and connected shader compiler UnityShaderCompiler.exe after 0.04 seconds
Refreshing native plugins compatible for Editor in 0.58 ms, found 3 plugins.
Preloading 0 native plugins for Editor in 0.00 ms.
Unloading 3369 Unused Serialized files (Serialized files now loaded: 0)
Unloading 27 unused Assets / (110.9 KB). Loaded Objects now: 3827.
Memory consumption went from 116.0 MB to 115.9 MB.
Total: 2.550300 ms (FindLiveObjects: 0.195700 ms CreateObjectMapping: 0.094900 ms MarkObjects: 2.182900 ms  DeleteObjects: 0.075900 ms)

AssetImportParameters requested are different than current active one (requested -> active):
  custom:video-decoder-ogg-theora: a1e56fd34408186e4bbccfd4996cb3dc -> 
  custom:container-muxer-webm: aa71ff27fc2769a1b78a27578f13a17b -> 
  custom:container-demuxer-webm: 4f35f7cbe854078d1ac9338744f61a02 -> 
  custom:video-encoder-webm-vp8: eb34c28f22e8b96e1ab97ce403110664 -> 
  custom:audio-encoder-webm-vorbis: bf7c407c2cedff20999df2af8eb42d56 -> 
  custom:framework-win-MediaFoundation: 216162199b28c13a410421893ffa2e32 -> 
  custom:container-demuxer-ogg: 62fdf1f143b41e24485cea50d1cbac27 -> 
  custom:video-decoder-webm-vp8: 9c59270c3fd7afecdb556c50c9e8de78 -> 
  custom:audio-decoder-ogg-vorbis: bf7c407c2cedff20999df2af8eb42d56 -> 
========================================================================
Received Import Request.
  Time since last request: 20716.903612 seconds.
  path: Assets/VoxelAnimals/Assets
  artifactKey: Guid(f766f2818d2b2674ab07ebfb86004660) Importer(815301076,1909f56bfc062723c751e8b465ee728b)
Start importing Assets/VoxelAnimals/Assets using Guid(f766f2818d2b2674ab07ebfb86004660) Importer(815301076,1909f56bfc062723c751e8b465ee728b)  -> (artifact id: '0340c28cd4b2ac1197dc3b3866360cc8') in 0.006880 seconds 
========================================================================
Received Import Request.
  Time since last request: 1.019098 seconds.
  path: Assets/VoxelAnimals/Assets/Animations
  artifactKey: Guid(580ed460b8baf194cb566e017d2d1049) Importer(815301076,1909f56bfc062723c751e8b465ee728b)
Start importing Assets/VoxelAnimals/Assets/Animations using Guid(580ed460b8baf194cb566e017d2d1049) Importer(815301076,1909f56bfc062723c751e8b465ee728b)  -> (artifact id: '18ab847c0425158206db8fe49dffe9f8') in 0.001664 seconds 
========================================================================
Received Import Request.
  Time since last request: 5.057230 seconds.
  path: Assets/Viuletti City low poly/DemoScene
  artifactKey: Guid(54c4ecca8be205944b1f5acbad4560e3) Importer(815301076,1909f56bfc062723c751e8b465ee728b)
Start importing Assets/Viuletti City low poly/DemoScene using Guid(54c4ecca8be205944b1f5acbad4560e3) Importer(815301076,1909f56bfc062723c751e8b465ee728b)  -> (artifact id: '4cc08ef452e76e4d1dfe078613e9a351') in 0.001677 seconds 
========================================================================
Received Import Request.
  Time since last request: 1.610167 seconds.
  path: Assets/Viuletti City low poly/DemoScene/SampleScene.unity
  artifactKey: Guid(99c9720ab356a0642a771bea13969a05) Importer(815301076,1909f56bfc062723c751e8b465ee728b)
Start importing Assets/Viuletti City low poly/DemoScene/SampleScene.unity using Guid(99c9720ab356a0642a771bea13969a05) Importer(815301076,1909f56bfc062723c751e8b465ee728b)  -> (artifact id: '7ea5817b5b9d309483aab90dfaaf05f9') in 0.001577 seconds 
========================================================================
Received Import Request.
  Time since last request: 85.074582 seconds.
  path: Assets/Scenes/SampleScene.unity
  artifactKey: Guid(9fc0d4010bbf28b4594072e72b8655ab) Importer(815301076,1909f56bfc062723c751e8b465ee728b)
Start importing Assets/Scenes/SampleScene.unity using Guid(9fc0d4010bbf28b4594072e72b8655ab) Importer(815301076,1909f56bfc062723c751e8b465ee728b)  -> (artifact id: '3fa52d643189327d51af5ee9af90593c') in 0.001616 seconds 
========================================================================
Received Import Request.
  Time since last request: 146.154411 seconds.
  path: Assets/Scenes/Main.unity
  artifactKey: Guid(c9f3e2ef9bb50b946b83c726c3676de3) Importer(815301076,1909f56bfc062723c751e8b465ee728b)
Start importing Assets/Scenes/Main.unity using Guid(c9f3e2ef9bb50b946b83c726c3676de3) Importer(815301076,1909f56bfc062723c751e8b465ee728b)  -> (artifact id: '460ed92b1b09ba13425f1a7743f255a7') in 0.001656 seconds 
========================================================================
Received Import Request.
  Time since last request: 23.485943 seconds.
  path: Assets
  artifactKey: Guid(00000000000000001000000000000000) Importer(815301076,1909f56bfc062723c751e8b465ee728b)
Start importing Assets using Guid(00000000000000001000000000000000) Importer(815301076,1909f56bfc062723c751e8b465ee728b)  -> (artifact id: '79842766b460edbeab6a34051e857a80') in 0.001517 seconds 
========================================================================
Received Import Request.
  Time since last request: 5.995866 seconds.
  path: Assets/Audios
  artifactKey: Guid(f3a4ffe379fa4a644a3ef242669042ea) Importer(815301076,1909f56bfc062723c751e8b465ee728b)
Start importing Assets/Audios using Guid(f3a4ffe379fa4a644a3ef242669042ea) Importer(815301076,1909f56bfc062723c751e8b465ee728b)  -> (artifact id: 'ee9767167a3b54a39d5363be637a70ff') in 0.001673 seconds 
========================================================================
Received Import Request.
  Time since last request: 19.165931 seconds.
  path: Assets/Materials
  artifactKey: Guid(e37e094846ee05d4c97b04a1b5a8c167) Importer(815301076,1909f56bfc062723c751e8b465ee728b)
Start importing Assets/Materials using Guid(e37e094846ee05d4c97b04a1b5a8c167) Importer(815301076,1909f56bfc062723c751e8b465ee728b)  -> (artifact id: '22e2088ec1ca53efc0fca04a4a504c40') in 0.001462 seconds 
========================================================================
Received Import Request.
  Time since last request: 9.130178 seconds.
  path: Assets/Prefabs
  artifactKey: Guid(269e4d5ada2da6f4c915cd3d459dd91b) Importer(815301076,1909f56bfc062723c751e8b465ee728b)
Start importing Assets/Prefabs using Guid(269e4d5ada2da6f4c915cd3d459dd91b) Importer(815301076,1909f56bfc062723c751e8b465ee728b)  -> (artifact id: '0525f879b0b5224c657d49aca364fbfe') in 0.001981 seconds 
========================================================================
Received Import Request.
  Time since last request: 20.193126 seconds.
  path: Assets/Models
  artifactKey: Guid(0c8eb7b7765e5094097c8697319969d9) Importer(815301076,1909f56bfc062723c751e8b465ee728b)
Start importing Assets/Models using Guid(0c8eb7b7765e5094097c8697319969d9) Importer(815301076,1909f56bfc062723c751e8b465ee728b)  -> (artifact id: '631f4b9c956ef9ff624c7c3a1c2c341e') in 0.001699 seconds 
========================================================================
Received Import Request.
  Time since last request: 13.174283 seconds.
  path: Assets/Scripts
  artifactKey: Guid(c6d119434bb85c342b34eb2fdf2bc6bc) Importer(815301076,1909f56bfc062723c751e8b465ee728b)
Start importing Assets/Scripts using Guid(c6d119434bb85c342b34eb2fdf2bc6bc) Importer(815301076,1909f56bfc062723c751e8b465ee728b)  -> (artifact id: 'c0243710538919e8a698ab4c32d3e03b') in 0.001863 seconds 
========================================================================
Received Import Request.
  Time since last request: 52.495243 seconds.
  path: Assets/Viuletti City low poly/Materials
  artifactKey: Guid(30163b1faf3d7034cb3c0ffb58727685) Importer(815301076,1909f56bfc062723c751e8b465ee728b)
Start importing Assets/Viuletti City low poly/Materials using Guid(30163b1faf3d7034cb3c0ffb58727685) Importer(815301076,1909f56bfc062723c751e8b465ee728b)  -> (artifact id: '96be37295e8e8d2c2c0ffd22cf5d2141') in 0.001325 seconds 
========================================================================
Received Import Request.
  Time since last request: 1.020606 seconds.
  path: Assets/Viuletti City low poly/Materials/Buildings
  artifactKey: Guid(4dc4dbc0e1bf9a0448796eefb528baa8) Importer(815301076,1909f56bfc062723c751e8b465ee728b)
Start importing Assets/Viuletti City low poly/Materials/Buildings using Guid(4dc4dbc0e1bf9a0448796eefb528baa8) Importer(815301076,1909f56bfc062723c751e8b465ee728b)  -> (artifact id: '5987bcdbc4dcd59971560b8924981975') in 0.001507 seconds 
========================================================================
Received Import Request.
  Time since last request: 0.060677 seconds.
  path: Assets/Viuletti City low poly/Materials/Buildings/Aparment bottom.mat
  artifactKey: Guid(48f53e3ef0195494a8701b577fe40864) Importer(815301076,1909f56bfc062723c751e8b465ee728b)
Start importing Assets/Viuletti City low poly/Materials/Buildings/Aparment bottom.mat using Guid(48f53e3ef0195494a8701b577fe40864) Importer(815301076,1909f56bfc062723c751e8b465ee728b)  -> (artifact id: '3b9583485be4ae043b1da6afe75851da') in 0.107317 seconds 
========================================================================
Received Import Request.
  Time since last request: 0.000018 seconds.
  path: Assets/Viuletti City low poly/Materials/Buildings/Building door glass.mat
  artifactKey: Guid(837c45daf7cf49b498ffde6df4625050) Importer(815301076,1909f56bfc062723c751e8b465ee728b)
Start importing Assets/Viuletti City low poly/Materials/Buildings/Building door glass.mat using Guid(837c45daf7cf49b498ffde6df4625050) Importer(815301076,1909f56bfc062723c751e8b465ee728b)  -> (artifact id: '44049e2ccdb77dc1c759c86d97c2bba3') in 0.008383 seconds 
========================================================================
Received Import Request.
  Time since last request: 0.000014 seconds.
  path: Assets/Viuletti City low poly/Materials/Buildings/Aparment window.mat
  artifactKey: Guid(74a095f41c776954fb1034f1924eb031) Importer(815301076,1909f56bfc062723c751e8b465ee728b)
Start importing Assets/Viuletti City low poly/Materials/Buildings/Aparment window.mat using Guid(74a095f41c776954fb1034f1924eb031) Importer(815301076,1909f56bfc062723c751e8b465ee728b)  -> (artifact id: 'abf22c58ba6fae9a49273fb718bb1ac6') in 0.006972 seconds 
========================================================================
Received Import Request.
  Time since last request: 0.000016 seconds.
  path: Assets/Viuletti City low poly/Materials/Buildings/Bank roof.mat
  artifactKey: Guid(1ce654312ea950c4a9ac8d9144a96d18) Importer(815301076,1909f56bfc062723c751e8b465ee728b)
Start importing Assets/Viuletti City low poly/Materials/Buildings/Bank roof.mat using Guid(1ce654312ea950c4a9ac8d9144a96d18) Importer(815301076,1909f56bfc062723c751e8b465ee728b)  -> (artifact id: 'd7a0584a01aca681685504c9a32467f0') in 0.007544 seconds 
========================================================================
Received Import Request.
  Time since last request: 0.000016 seconds.
  path: Assets/Viuletti City low poly/Materials/Buildings/Bank walls.mat
  artifactKey: Guid(d12e0c50face88e41a49d4b1478b5dbd) Importer(815301076,1909f56bfc062723c751e8b465ee728b)
Start importing Assets/Viuletti City low poly/Materials/Buildings/Bank walls.mat using Guid(d12e0c50face88e41a49d4b1478b5dbd) Importer(815301076,1909f56bfc062723c751e8b465ee728b)  -> (artifact id: '14568673931371c279d147f37ed84ae3') in 0.007879 seconds 
========================================================================
Received Import Request.
  Time since last request: 0.000015 seconds.
  path: Assets/Viuletti City low poly/Materials/Buildings/Aparment roof door.mat
  artifactKey: Guid(e9bb85026c78352418b3d3e5160be2bf) Importer(815301076,1909f56bfc062723c751e8b465ee728b)
Start importing Assets/Viuletti City low poly/Materials/Buildings/Aparment roof door.mat using Guid(e9bb85026c78352418b3d3e5160be2bf) Importer(815301076,1909f56bfc062723c751e8b465ee728b)  -> (artifact id: '080c5ab0a74f8cc6d7c92468bb2a664c') in 0.007043 seconds 
========================================================================
Received Import Request.
  Time since last request: 0.000014 seconds.
  path: Assets/Viuletti City low poly/Materials/Buildings/Bank door frame.mat
  artifactKey: Guid(691d1ebaf32bb21449830abb88248ea2) Importer(815301076,1909f56bfc062723c751e8b465ee728b)
Start importing Assets/Viuletti City low poly/Materials/Buildings/Bank door frame.mat using Guid(691d1ebaf32bb21449830abb88248ea2) Importer(815301076,1909f56bfc062723c751e8b465ee728b)  -> (artifact id: 'ede0955bc0b8ca5c0a77d0dbc9fe3712') in 0.006868 seconds 
========================================================================
Received Import Request.
  Time since last request: 0.000013 seconds.
  path: Assets/Viuletti City low poly/Materials/Buildings/Aparment window frame.mat
  artifactKey: Guid(23bdfadfcd3a64f438c85dc90bbd1d00) Importer(815301076,1909f56bfc062723c751e8b465ee728b)
Start importing Assets/Viuletti City low poly/Materials/Buildings/Aparment window frame.mat using Guid(23bdfadfcd3a64f438c85dc90bbd1d00) Importer(815301076,1909f56bfc062723c751e8b465ee728b)  -> (artifact id: '92eb5feebfbe311ac2b8f5ac0b042532') in 0.006372 seconds 
========================================================================
Received Import Request.
  Time since last request: 0.000015 seconds.
  path: Assets/Viuletti City low poly/Materials/Buildings/Bank door window.mat
  artifactKey: Guid(873d609700a84254cb65eced132810c3) Importer(815301076,1909f56bfc062723c751e8b465ee728b)
Start importing Assets/Viuletti City low poly/Materials/Buildings/Bank door window.mat using Guid(873d609700a84254cb65eced132810c3) Importer(815301076,1909f56bfc062723c751e8b465ee728b)  -> (artifact id: '18cc2f5d2620f0593b3d56ed8a274c50') in 0.006847 seconds 
========================================================================
Received Import Request.
  Time since last request: 0.553445 seconds.
  path: Assets/Viuletti City low poly/Materials/Buildings/Glass building ground.mat
  artifactKey: Guid(c75a37e1036288a4ab2677e99bf925a5) Importer(815301076,1909f56bfc062723c751e8b465ee728b)
Start importing Assets/Viuletti City low poly/Materials/Buildings/Glass building ground.mat using Guid(c75a37e1036288a4ab2677e99bf925a5) Importer(815301076,1909f56bfc062723c751e8b465ee728b)  -> (artifact id: '20d128caa6a1283ee0e0e2cf819b2b3d') in 0.007460 seconds 
========================================================================
Received Import Request.
  Time since last request: 0.000012 seconds.
  path: Assets/Viuletti City low poly/Materials/Buildings/Glass building vent.mat
  artifactKey: Guid(9cb7cccef13d01940ae7097fb28cc769) Importer(815301076,1909f56bfc062723c751e8b465ee728b)
Start importing Assets/Viuletti City low poly/Materials/Buildings/Glass building vent.mat using Guid(9cb7cccef13d01940ae7097fb28cc769) Importer(815301076,1909f56bfc062723c751e8b465ee728b)  -> (artifact id: '57221ed0c1affbbb4188c26243f1c0a4') in 0.007229 seconds 
========================================================================
Received Import Request.
  Time since last request: 0.000028 seconds.
  path: Assets/Viuletti City low poly/Materials/Buildings/Glass building window frame.mat
  artifactKey: Guid(16b1acb8f003970469c1975148bd2b19) Importer(815301076,1909f56bfc062723c751e8b465ee728b)
Start importing Assets/Viuletti City low poly/Materials/Buildings/Glass building window frame.mat using Guid(16b1acb8f003970469c1975148bd2b19) Importer(815301076,1909f56bfc062723c751e8b465ee728b)  -> (artifact id: 'ac4e1cf3944f11f1169206535681969f') in 0.008057 seconds 
========================================================================
Received Import Request.
  Time since last request: 4.697928 seconds.
  path: Assets/Viuletti City low poly/Prefabs
  artifactKey: Guid(801d90e3411dd524eb9cabf0cff1f8d6) Importer(815301076,1909f56bfc062723c751e8b465ee728b)
Start importing Assets/Viuletti City low poly/Prefabs using Guid(801d90e3411dd524eb9cabf0cff1f8d6) Importer(815301076,1909f56bfc062723c751e8b465ee728b)  -> (artifact id: '829f01d90df1d935c08fe9cbe5b8c8fe') in 0.001424 seconds 
========================================================================
Received Import Request.
  Time since last request: 1.504136 seconds.
  path: Assets/Viuletti City low poly/Prefabs/Buildings
  artifactKey: Guid(78bb5b3a1eb62e74fb568922947ceecb) Importer(815301076,1909f56bfc062723c751e8b465ee728b)
Start importing Assets/Viuletti City low poly/Prefabs/Buildings using Guid(78bb5b3a1eb62e74fb568922947ceecb) Importer(815301076,1909f56bfc062723c751e8b465ee728b)  -> (artifact id: '5ebd74727745c1c3eab3fef809b2e1b2') in 0.001641 seconds 
========================================================================
Received Import Request.
  Time since last request: 0.064567 seconds.
  path: Assets/Viuletti City low poly/Prefabs/Buildings/Apartments.prefab
  artifactKey: Guid(5c6ccde0684f68f4f9de1e388495c480) Importer(815301076,1909f56bfc062723c751e8b465ee728b)
Start importing Assets/Viuletti City low poly/Prefabs/Buildings/Apartments.prefab using Guid(5c6ccde0684f68f4f9de1e388495c480) Importer(815301076,1909f56bfc062723c751e8b465ee728b)  -> (artifact id: '41481ed6a2d0e238b5865996a8e17270') in 0.032025 seconds 
========================================================================
Received Import Request.
  Time since last request: 0.000014 seconds.
  path: Assets/Viuletti City low poly/Prefabs/Buildings/Shop.prefab
  artifactKey: Guid(2909343e8fc65984b82bff9fab8cf5d1) Importer(815301076,1909f56bfc062723c751e8b465ee728b)
Start importing Assets/Viuletti City low poly/Prefabs/Buildings/Shop.prefab using Guid(2909343e8fc65984b82bff9fab8cf5d1) Importer(815301076,1909f56bfc062723c751e8b465ee728b)  -> (artifact id: '5e3711c52887e56df4769fc498d5eb18') in 0.016934 seconds 
========================================================================
Received Import Request.
  Time since last request: 0.000016 seconds.
  path: Assets/Viuletti City low poly/Prefabs/Buildings/Warehouse.prefab
  artifactKey: Guid(cbb2baf7f26aed649a2393144227a562) Importer(815301076,1909f56bfc062723c751e8b465ee728b)
Start importing Assets/Viuletti City low poly/Prefabs/Buildings/Warehouse.prefab using Guid(cbb2baf7f26aed649a2393144227a562) Importer(815301076,1909f56bfc062723c751e8b465ee728b)  -> (artifact id: '11c32367641e133c6db085760ceb0dbe') in 0.038761 seconds 
========================================================================
Received Import Request.
  Time since last request: 0.000016 seconds.
  path: Assets/Viuletti City low poly/Prefabs/Buildings/High building 2.prefab
  artifactKey: Guid(16784d6fbb71942438b159522cd5d5c3) Importer(815301076,1909f56bfc062723c751e8b465ee728b)
Start importing Assets/Viuletti City low poly/Prefabs/Buildings/High building 2.prefab using Guid(16784d6fbb71942438b159522cd5d5c3) Importer(815301076,1909f56bfc062723c751e8b465ee728b)  -> (artifact id: '3a4fc75dfb81d148bbb86c2a08207bb2') in 0.015114 seconds 
========================================================================
Received Import Request.
  Time since last request: 0.000031 seconds.
  path: Assets/Viuletti City low poly/Prefabs/Buildings/Glass building.prefab
  artifactKey: Guid(3959f9b79ac88ac4d8690e7e6c7e3ded) Importer(815301076,1909f56bfc062723c751e8b465ee728b)
Start importing Assets/Viuletti City low poly/Prefabs/Buildings/Glass building.prefab using Guid(3959f9b79ac88ac4d8690e7e6c7e3ded) Importer(815301076,1909f56bfc062723c751e8b465ee728b)  -> (artifact id: '8b512e635db4a9ae4ab636ab1a4e9a14') in 0.052362 seconds 
========================================================================
Received Import Request.
  Time since last request: 10.025930 seconds.
  path: Assets/Viuletti City low poly/Prefabs/Roads
  artifactKey: Guid(e00fdcd3994ec764c86b1ebcb55ce891) Importer(815301076,1909f56bfc062723c751e8b465ee728b)
Start importing Assets/Viuletti City low poly/Prefabs/Roads using Guid(e00fdcd3994ec764c86b1ebcb55ce891) Importer(815301076,1909f56bfc062723c751e8b465ee728b)  -> (artifact id: 'deafb88e6f64412fca7a9878b3f9dba3') in 0.001735 seconds 
========================================================================
Received Import Request.
  Time since last request: 0.058793 seconds.
  path: Assets/Viuletti City low poly/Prefabs/Roads/Crossing T.prefab
  artifactKey: Guid(f133fe363b3d09e40b5bf2b268253326) Importer(815301076,1909f56bfc062723c751e8b465ee728b)
Start importing Assets/Viuletti City low poly/Prefabs/Roads/Crossing T.prefab using Guid(f133fe363b3d09e40b5bf2b268253326) Importer(815301076,1909f56bfc062723c751e8b465ee728b)  -> (artifact id: '92b7bd60d2d5e3958355c0635a719fef') in 0.009145 seconds 
========================================================================
Received Import Request.
  Time since last request: 0.000015 seconds.
  path: Assets/Viuletti City low poly/Prefabs/Roads/Road 4 tiles.prefab
  artifactKey: Guid(8f7c1c3559fb0e845bf76101dd60df17) Importer(815301076,1909f56bfc062723c751e8b465ee728b)
Start importing Assets/Viuletti City low poly/Prefabs/Roads/Road 4 tiles.prefab using Guid(8f7c1c3559fb0e845bf76101dd60df17) Importer(815301076,1909f56bfc062723c751e8b465ee728b)  -> (artifact id: '592c177227a653cdc691c35e4fc7e5ae') in 0.009482 seconds 
========================================================================
Received Import Request.
  Time since last request: 251.706819 seconds.
  path: Assets/Viuletti City low poly/Prefabs/Nature/Birch small.prefab
  artifactKey: Guid(fce1307539b865c4d942dfa642eab7ec) Importer(815301076,1909f56bfc062723c751e8b465ee728b)
Start importing Assets/Viuletti City low poly/Prefabs/Nature/Birch small.prefab using Guid(fce1307539b865c4d942dfa642eab7ec) Importer(815301076,1909f56bfc062723c751e8b465ee728b)  -> (artifact id: 'eaf6b3cf2aeebd579ac238cb8191cd29') in 0.011860 seconds 
========================================================================
Received Import Request.
  Time since last request: 0.000017 seconds.
  path: Assets/Viuletti City low poly/Prefabs/Nature/Empty grass.prefab
  artifactKey: Guid(794931ad8054d8f4485bc161f83a2a14) Importer(815301076,1909f56bfc062723c751e8b465ee728b)
Start importing Assets/Viuletti City low poly/Prefabs/Nature/Empty grass.prefab using Guid(794931ad8054d8f4485bc161f83a2a14) Importer(815301076,1909f56bfc062723c751e8b465ee728b)  -> (artifact id: 'fb9942dc01afb41eb37fe0599cefd173') in 0.014597 seconds 
========================================================================
Received Import Request.
  Time since last request: 0.000015 seconds.
  path: Assets/Viuletti City low poly/Prefabs/Nature/Rock big.prefab
  artifactKey: Guid(47168710cae13564398951978cf51b02) Importer(815301076,1909f56bfc062723c751e8b465ee728b)
Start importing Assets/Viuletti City low poly/Prefabs/Nature/Rock big.prefab using Guid(47168710cae13564398951978cf51b02) Importer(815301076,1909f56bfc062723c751e8b465ee728b)  -> (artifact id: '2cdef6d2d5c0f8a8f5702cd31b938e79') in 0.020629 seconds 
========================================================================
Received Import Request.
  Time since last request: 0.000016 seconds.
  path: Assets/Viuletti City low poly/Prefabs/Nature/Pine.prefab
  artifactKey: Guid(9ba64372b9e08374193a9865323748cd) Importer(815301076,1909f56bfc062723c751e8b465ee728b)
Start importing Assets/Viuletti City low poly/Prefabs/Nature/Pine.prefab using Guid(9ba64372b9e08374193a9865323748cd) Importer(815301076,1909f56bfc062723c751e8b465ee728b)  -> (artifact id: 'ad6d9053379e086c1177d95f0516e838') in 0.070650 seconds 
========================================================================
Received Import Request.
  Time since last request: 0.000025 seconds.
  path: Assets/Viuletti City low poly/Prefabs/Nature/Rock slide.prefab
  artifactKey: Guid(863150854ac5540408a55fc45f32e317) Importer(815301076,1909f56bfc062723c751e8b465ee728b)
Start importing Assets/Viuletti City low poly/Prefabs/Nature/Rock slide.prefab using Guid(863150854ac5540408a55fc45f32e317) Importer(815301076,1909f56bfc062723c751e8b465ee728b)  -> (artifact id: '4683b297663f46f05d39b5cbc3668b51') in 0.015190 seconds 
========================================================================
Received Import Request.
  Time since last request: 0.000015 seconds.
  path: Assets/Viuletti City low poly/Prefabs/Nature/Spruce small.prefab
  artifactKey: Guid(7f549c3077c62d047af95a32ff793298) Importer(815301076,1909f56bfc062723c751e8b465ee728b)
Start importing Assets/Viuletti City low poly/Prefabs/Nature/Spruce small.prefab using Guid(7f549c3077c62d047af95a32ff793298) Importer(815301076,1909f56bfc062723c751e8b465ee728b)  -> (artifact id: '715e9bc52f4265eda6c7e3a91a59d48f') in 0.034320 seconds 
Editor requested this worker to shutdown with reason: Scaling down because of idle timeout
AssetImportWorker is now disconnected from the server
Process exiting
Exiting without the bug reporter. Application will terminate with return code 0