Using pre-set license
Built from '2021.3/staging' branch; Version is '2021.3.5f1 (40eb3a945986) revision 4254522'; Using compiler version '192829333'; Build Type 'Release'
OS: 'Windows 10  (10.0.19044) 64bit Core' Language: 'ko' Physical Memory: 16310 MB
BatchMode: 1, IsHumanControllingUs: 0, StartBugReporterOnCrash: 0, Is64bit: 1, IsPro: 1

COMMAND LINE ARGUMENTS:
C:\Program Files\Unity\Hub\Editor\2021.3.5f1\Editor\Unity.exe
-adb2
-batchMode
-noUpm
-name
AssetImportWorker5
-projectPath
C:/Metaverse_01/-model-of-friends-across-the-street/My project
-logFile
Logs/AssetImportWorker5.log
-srvPort
6217
Successfully changed project path to: C:/Metaverse_01/-model-of-friends-across-the-street/My project
C:/Metaverse_01/-model-of-friends-across-the-street/My project
[UnityMemory] Configuration Parameters - Can be set up in boot.config
    "memorysetup-bucket-allocator-granularity=16"
    "memorysetup-bucket-allocator-bucket-count=8"
    "memorysetup-bucket-allocator-block-size=33554432"
    "memorysetup-bucket-allocator-block-count=8"
    "memorysetup-main-allocator-block-size=16777216"
    "memorysetup-thread-allocator-block-size=16777216"
    "memorysetup-gfx-main-allocator-block-size=16777216"
    "memorysetup-gfx-thread-allocator-block-size=16777216"
    "memorysetup-cache-allocator-block-size=4194304"
    "memorysetup-typetree-allocator-block-size=2097152"
    "memorysetup-profiler-bucket-allocator-granularity=16"
    "memorysetup-profiler-bucket-allocator-bucket-count=8"
    "memorysetup-profiler-bucket-allocator-block-size=33554432"
    "memorysetup-profiler-bucket-allocator-block-count=8"
    "memorysetup-profiler-allocator-block-size=16777216"
    "memorysetup-profiler-editor-allocator-block-size=1048576"
    "memorysetup-temp-allocator-size-main=16777216"
    "memorysetup-job-temp-allocator-block-size=2097152"
    "memorysetup-job-temp-allocator-block-size-background=1048576"
    "memorysetup-job-temp-allocator-reduction-small-platforms=262144"
    "memorysetup-temp-allocator-size-background-worker=32768"
    "memorysetup-temp-allocator-size-job-worker=262144"
    "memorysetup-temp-allocator-size-preload-manager=33554432"
    "memorysetup-temp-allocator-size-nav-mesh-worker=65536"
    "memorysetup-temp-allocator-size-audio-worker=65536"
    "memorysetup-temp-allocator-size-cloud-worker=32768"
    "memorysetup-temp-allocator-size-gi-baking-worker=262144"
    "memorysetup-temp-allocator-size-gfx=262144"
Refreshing native plugins compatible for Editor in 62.35 ms, found 3 plugins.
Preloading 0 native plugins for Editor in 0.00 ms.
Initialize engine version: 2021.3.5f1 (40eb3a945986)
[Subsystems] Discovering subsystems at path C:/Program Files/Unity/Hub/Editor/2021.3.5f1/Editor/Data/Resources/UnitySubsystems
[Subsystems] Discovering subsystems at path C:/Metaverse_01/-model-of-friends-across-the-street/My project/Assets
GfxDevice: creating device client; threaded=0; jobified=0
Direct3D:
    Version:  Direct3D 11.0 [level 11.1]
    Renderer: NVIDIA GeForce RTX 3070 (ID=0x2484)
    Vendor:   NVIDIA
    VRAM:     8043 MB
    Driver:   27.21.14.6109
Initialize mono
Mono path[0] = 'C:/Program Files/Unity/Hub/Editor/2021.3.5f1/Editor/Data/Managed'
Mono path[1] = 'C:/Program Files/Unity/Hub/Editor/2021.3.5f1/Editor/Data/MonoBleedingEdge/lib/mono/unityjit-win32'
Mono config path = 'C:/Program Files/Unity/Hub/Editor/2021.3.5f1/Editor/Data/MonoBleedingEdge/etc'
Using monoOptions --debugger-agent=transport=dt_socket,embedding=1,server=y,suspend=n,address=127.0.0.1:56360
Begin MonoManager ReloadAssembly
Registering precompiled unity dll's ...
Register platform support module: C:/Program Files/Unity/Hub/Editor/2021.3.5f1/Editor/Data/PlaybackEngines/AndroidPlayer/UnityEditor.Android.Extensions.dll
Register platform support module: C:/Program Files/Unity/Hub/Editor/2021.3.5f1/Editor/Data/PlaybackEngines/WindowsStandaloneSupport/UnityEditor.WindowsStandalone.Extensions.dll
Registered in 0.008540 seconds.
Native extension for WindowsStandalone target not found
Native extension for Android target not found
Refreshing native plugins compatible for Editor in 60.61 ms, found 3 plugins.
Preloading 0 native plugins for Editor in 0.00 ms.
Mono: successfully reloaded assembly
- Completed reload, in  0.499 seconds
Domain Reload Profiling:
	ReloadAssembly (499ms)
		BeginReloadAssembly (67ms)
			ExecutionOrderSort (0ms)
			DisableScriptedObjects (0ms)
			BackupInstance (0ms)
			ReleaseScriptingObjects (0ms)
			CreateAndSetChildDomain (1ms)
		EndReloadAssembly (344ms)
			LoadAssemblies (65ms)
			RebuildTransferFunctionScriptingTraits (0ms)
			SetupTypeCache (72ms)
			ReleaseScriptCaches (0ms)
			RebuildScriptCaches (19ms)
			SetupLoadedEditorAssemblies (215ms)
				LogAssemblyErrors (0ms)
				InitializePlatformSupportModulesInManaged (43ms)
				SetLoadedEditorAssemblies (0ms)
				RefreshPlugins (61ms)
				BeforeProcessingInitializeOnLoad (1ms)
				ProcessInitializeOnLoadAttributes (73ms)
				ProcessInitializeOnLoadMethodAttributes (37ms)
				AfterProcessingInitializeOnLoad (0ms)
				EditorAssembliesLoaded (0ms)
			ExecutionOrderSort2 (0ms)
			AwakeInstancesAfterBackupRestoration (0ms)
Platform modules already initialized, skipping
Registering precompiled user dll's ...
Registered in 0.007245 seconds.
Begin MonoManager ReloadAssembly
Symbol file LoadedFromMemory doesn't match image C:\Metaverse_01\-model-of-friends-across-the-street\My project\Library\PackageCache\com.unity.visualscripting@1.7.8\Editor\VisualScripting.Core\Dependencies\YamlDotNet\Unity.VisualScripting.YamlDotNet.dll
Symbol file LoadedFromMemory doesn't match image C:\Metaverse_01\-model-of-friends-across-the-street\My project\Library\PackageCache\com.unity.visualscripting@1.7.8\Editor\VisualScripting.Core\Dependencies\DotNetZip\Unity.VisualScripting.IonicZip.dll
Native extension for WindowsStandalone target not found
Native extension for Android target not found
Refreshing native plugins compatible for Editor in 0.61 ms, found 3 plugins.
Preloading 0 native plugins for Editor in 0.00 ms.
Mono: successfully reloaded assembly
- Completed reload, in  0.893 seconds
Domain Reload Profiling:
	ReloadAssembly (893ms)
		BeginReloadAssembly (208ms)
			ExecutionOrderSort (0ms)
			DisableScriptedObjects (4ms)
			BackupInstance (0ms)
			ReleaseScriptingObjects (0ms)
			CreateAndSetChildDomain (130ms)
		EndReloadAssembly (597ms)
			LoadAssemblies (76ms)
			RebuildTransferFunctionScriptingTraits (0ms)
			SetupTypeCache (181ms)
			ReleaseScriptCaches (0ms)
			RebuildScriptCaches (33ms)
			SetupLoadedEditorAssemblies (281ms)
				LogAssemblyErrors (0ms)
				InitializePlatformSupportModulesInManaged (12ms)
				SetLoadedEditorAssemblies (0ms)
				RefreshPlugins (1ms)
				BeforeProcessingInitializeOnLoad (71ms)
				ProcessInitializeOnLoadAttributes (166ms)
				ProcessInitializeOnLoadMethodAttributes (21ms)
				AfterProcessingInitializeOnLoad (10ms)
				EditorAssembliesLoaded (0ms)
			ExecutionOrderSort2 (0ms)
			AwakeInstancesAfterBackupRestoration (10ms)
Platform modules already initialized, skipping
========================================================================
Worker process is ready to serve import requests
Launched and connected shader compiler UnityShaderCompiler.exe after 0.04 seconds
Refreshing native plugins compatible for Editor in 0.65 ms, found 3 plugins.
Preloading 0 native plugins for Editor in 0.00 ms.
Unloading 3369 Unused Serialized files (Serialized files now loaded: 0)
Unloading 27 unused Assets / (110.9 KB). Loaded Objects now: 3827.
Memory consumption went from 116.0 MB to 115.9 MB.
Total: 2.412500 ms (FindLiveObjects: 0.186700 ms CreateObjectMapping: 0.072600 ms MarkObjects: 2.075600 ms  DeleteObjects: 0.077100 ms)

AssetImportParameters requested are different than current active one (requested -> active):
  custom:video-decoder-ogg-theora: a1e56fd34408186e4bbccfd4996cb3dc -> 
  custom:container-muxer-webm: aa71ff27fc2769a1b78a27578f13a17b -> 
  custom:container-demuxer-webm: 4f35f7cbe854078d1ac9338744f61a02 -> 
  custom:video-encoder-webm-vp8: eb34c28f22e8b96e1ab97ce403110664 -> 
  custom:audio-encoder-webm-vorbis: bf7c407c2cedff20999df2af8eb42d56 -> 
  custom:framework-win-MediaFoundation: 216162199b28c13a410421893ffa2e32 -> 
  custom:container-demuxer-ogg: 62fdf1f143b41e24485cea50d1cbac27 -> 
  custom:video-decoder-webm-vp8: 9c59270c3fd7afecdb556c50c9e8de78 -> 
  custom:audio-decoder-ogg-vorbis: bf7c407c2cedff20999df2af8eb42d56 -> 
========================================================================
Received Import Request.
  Time since last request: 23006.147253 seconds.
  path: Assets/Viuletti City low poly/Materials/Nature/Ground green.mat
  artifactKey: Guid(3aee9b349b98e2645b9c005d906adfaf) Importer(815301076,1909f56bfc062723c751e8b465ee728b)
Start importing Assets/Viuletti City low poly/Materials/Nature/Ground green.mat using Guid(3aee9b349b98e2645b9c005d906adfaf) Importer(815301076,1909f56bfc062723c751e8b465ee728b)  -> (artifact id: '6f76e82a6722164088b828f683a85526') in 0.113273 seconds 
========================================================================
Received Import Request.
  Time since last request: 2.007708 seconds.
  path: Assets/Viuletti City low poly/Models/Nature/Pond.fbx
  artifactKey: Guid(3fe587feac8fa174eb845589023ea402) Importer(815301076,1909f56bfc062723c751e8b465ee728b)
Start importing Assets/Viuletti City low poly/Models/Nature/Pond.fbx using Guid(3fe587feac8fa174eb845589023ea402) Importer(815301076,1909f56bfc062723c751e8b465ee728b)  -> (artifact id: 'cfc206608efef91c467a7a46f63eceaf') in 0.070863 seconds 
========================================================================
Received Import Request.
  Time since last request: 0.000016 seconds.
  path: Assets/Viuletti City low poly/Models/Nature/Rock big.fbx
  artifactKey: Guid(abd1a9bd4eaa3c74fbffe1db3d4ab74a) Importer(815301076,1909f56bfc062723c751e8b465ee728b)
Start importing Assets/Viuletti City low poly/Models/Nature/Rock big.fbx using Guid(abd1a9bd4eaa3c74fbffe1db3d4ab74a) Importer(815301076,1909f56bfc062723c751e8b465ee728b)  -> (artifact id: '8549bef87b01a1fa2f2ef024f28a5504') in 0.047111 seconds 
========================================================================
Received Import Request.
  Time since last request: 0.000022 seconds.
  path: Assets/Viuletti City low poly/Models/Nature/Tree spruce small.fbx
  artifactKey: Guid(5852e3d9b75e2a34babe6d91ddec8b8d) Importer(815301076,1909f56bfc062723c751e8b465ee728b)
Start importing Assets/Viuletti City low poly/Models/Nature/Tree spruce small.fbx using Guid(5852e3d9b75e2a34babe6d91ddec8b8d) Importer(815301076,1909f56bfc062723c751e8b465ee728b)  -> (artifact id: '1da132a2bbb175714b11a6b90a30d4b7') in 0.058958 seconds 
========================================================================
Received Import Request.
  Time since last request: 0.000025 seconds.
  path: Assets/Viuletti City low poly/Models/Nature/Tree spruce 2.fbx
  artifactKey: Guid(8eb2a44768b3b0045889dc5017fdee61) Importer(815301076,1909f56bfc062723c751e8b465ee728b)
Start importing Assets/Viuletti City low poly/Models/Nature/Tree spruce 2.fbx using Guid(8eb2a44768b3b0045889dc5017fdee61) Importer(815301076,1909f56bfc062723c751e8b465ee728b)  -> (artifact id: '00a521b55b58899adcc09f37c6095829') in 0.062906 seconds 
========================================================================
Received Import Request.
  Time since last request: 4.393030 seconds.
  path: Assets/Viuletti City low poly/Models/Roads/Height Road straight.fbx
  artifactKey: Guid(161dbbb4309c9eb4081f7e6636fbf826) Importer(815301076,1909f56bfc062723c751e8b465ee728b)
Start importing Assets/Viuletti City low poly/Models/Roads/Height Road straight.fbx using Guid(161dbbb4309c9eb4081f7e6636fbf826) Importer(815301076,1909f56bfc062723c751e8b465ee728b)  -> (artifact id: 'c5feead7873334afca3e6a2b3dce09bc') in 0.030841 seconds 
========================================================================
Received Import Request.
  Time since last request: 0.791521 seconds.
  path: Assets/Viuletti City low poly/Models/Buildings/Building two color.fbx
  artifactKey: Guid(c129f22187ea2494384ee89fedf8bcd4) Importer(815301076,1909f56bfc062723c751e8b465ee728b)
Start importing Assets/Viuletti City low poly/Models/Buildings/Building two color.fbx using Guid(c129f22187ea2494384ee89fedf8bcd4) Importer(815301076,1909f56bfc062723c751e8b465ee728b)  -> (artifact id: 'd281c817417d085f426ce805a2b5e0f3') in 0.064032 seconds 
========================================================================
Received Import Request.
  Time since last request: 0.000017 seconds.
  path: Assets/Viuletti City low poly/Models/Buildings/High building.fbx
  artifactKey: Guid(e766523a067ed0d4f9030b8b18738776) Importer(815301076,1909f56bfc062723c751e8b465ee728b)
Start importing Assets/Viuletti City low poly/Models/Buildings/High building.fbx using Guid(e766523a067ed0d4f9030b8b18738776) Importer(815301076,1909f56bfc062723c751e8b465ee728b)  -> (artifact id: 'a7b42994eb0db7a7938d1014befd70ca') in 0.138608 seconds 
========================================================================
Received Import Request.
  Time since last request: 0.000024 seconds.
  path: Assets/Viuletti City low poly/Models/Buildings/Warehouse.fbx
  artifactKey: Guid(72cf21009c6fa5143a0d773dd368c3f9) Importer(815301076,1909f56bfc062723c751e8b465ee728b)
Start importing Assets/Viuletti City low poly/Models/Buildings/Warehouse.fbx using Guid(72cf21009c6fa5143a0d773dd368c3f9) Importer(815301076,1909f56bfc062723c751e8b465ee728b)  -> (artifact id: 'ca54d5d82fbe56d972507c2086984710') in 0.036089 seconds 
========================================================================
Received Import Request.
  Time since last request: 0.000022 seconds.
  path: Assets/Viuletti City low poly/Models/Buildings/Small building.fbx
  artifactKey: Guid(08020721d3403914cb7eb4fcf3a5dad7) Importer(815301076,1909f56bfc062723c751e8b465ee728b)
Start importing Assets/Viuletti City low poly/Models/Buildings/Small building.fbx using Guid(08020721d3403914cb7eb4fcf3a5dad7) Importer(815301076,1909f56bfc062723c751e8b465ee728b)  -> (artifact id: 'b2e3bccc3c85594c103987f6d6166ad1') in 0.027162 seconds 
========================================================================
Received Import Request.
  Time since last request: 0.000019 seconds.
  path: Assets/Viuletti City low poly/Models/Buildings/Outside storage.fbx
  artifactKey: Guid(d8fae8e9712ff014b96d3711a65b15b8) Importer(815301076,1909f56bfc062723c751e8b465ee728b)
Start importing Assets/Viuletti City low poly/Models/Buildings/Outside storage.fbx using Guid(d8fae8e9712ff014b96d3711a65b15b8) Importer(815301076,1909f56bfc062723c751e8b465ee728b)  -> (artifact id: '75f737deff3bade62c3afbba2a1d068b') in 0.023656 seconds 
Editor requested this worker to shutdown with reason: Scaling down because of idle timeout
AssetImportWorker is now disconnected from the server
Process exiting
Exiting without the bug reporter. Application will terminate with return code 0