Using pre-set license
Built from '2021.3/staging' branch; Version is '2021.3.5f1 (40eb3a945986) revision 4254522'; Using compiler version '192829333'; Build Type 'Release'
OS: 'Windows 11  (10.0.22000) 64bit Professional' Language: 'ko' Physical Memory: 15659 MB
BatchMode: 1, IsHumanControllingUs: 0, StartBugReporterOnCrash: 0, Is64bit: 1, IsPro: 1

COMMAND LINE ARGUMENTS:
C:\Program Files\Unity\Hub\Editor\2021.3.5f1\Editor\Unity.exe
-adb2
-batchMode
-noUpm
-name
AssetImportWorker3
-projectPath
C:/Metaverse_KYH/-model-of-friends-across-the-street/My project
-logFile
Logs/AssetImportWorker3.log
-srvPort
64175
Successfully changed project path to: C:/Metaverse_KYH/-model-of-friends-across-the-street/My project
C:/Metaverse_KYH/-model-of-friends-across-the-street/My project
[UnityMemory] Configuration Parameters - Can be set up in boot.config
    "memorysetup-bucket-allocator-granularity=16"
    "memorysetup-bucket-allocator-bucket-count=8"
    "memorysetup-bucket-allocator-block-size=33554432"
    "memorysetup-bucket-allocator-block-count=8"
    "memorysetup-main-allocator-block-size=16777216"
    "memorysetup-thread-allocator-block-size=16777216"
    "memorysetup-gfx-main-allocator-block-size=16777216"
    "memorysetup-gfx-thread-allocator-block-size=16777216"
    "memorysetup-cache-allocator-block-size=4194304"
    "memorysetup-typetree-allocator-block-size=2097152"
    "memorysetup-profiler-bucket-allocator-granularity=16"
    "memorysetup-profiler-bucket-allocator-bucket-count=8"
    "memorysetup-profiler-bucket-allocator-block-size=33554432"
    "memorysetup-profiler-bucket-allocator-block-count=8"
    "memorysetup-profiler-allocator-block-size=16777216"
    "memorysetup-profiler-editor-allocator-block-size=1048576"
    "memorysetup-temp-allocator-size-main=16777216"
    "memorysetup-job-temp-allocator-block-size=2097152"
    "memorysetup-job-temp-allocator-block-size-background=1048576"
    "memorysetup-job-temp-allocator-reduction-small-platforms=262144"
    "memorysetup-temp-allocator-size-background-worker=32768"
    "memorysetup-temp-allocator-size-job-worker=262144"
    "memorysetup-temp-allocator-size-preload-manager=33554432"
    "memorysetup-temp-allocator-size-nav-mesh-worker=65536"
    "memorysetup-temp-allocator-size-audio-worker=65536"
    "memorysetup-temp-allocator-size-cloud-worker=32768"
    "memorysetup-temp-allocator-size-gi-baking-worker=262144"
    "memorysetup-temp-allocator-size-gfx=262144"
Refreshing native plugins compatible for Editor in 89.11 ms, found 3 plugins.
Preloading 0 native plugins for Editor in 0.00 ms.
Initialize engine version: 2021.3.5f1 (40eb3a945986)
[Subsystems] Discovering subsystems at path C:/Program Files/Unity/Hub/Editor/2021.3.5f1/Editor/Data/Resources/UnitySubsystems
[Subsystems] Discovering subsystems at path C:/Metaverse_KYH/-model-of-friends-across-the-street/My project/Assets
GfxDevice: creating device client; threaded=0; jobified=0
Direct3D:
    Version:  Direct3D 11.0 [level 11.1]
    Renderer: AMD Radeon(TM) Graphics (ID=0x1638)
    Vendor:   ATI
    VRAM:     7829 MB
    Driver:   30.0.13014.8
Initialize mono
Mono path[0] = 'C:/Program Files/Unity/Hub/Editor/2021.3.5f1/Editor/Data/Managed'
Mono path[1] = 'C:/Program Files/Unity/Hub/Editor/2021.3.5f1/Editor/Data/MonoBleedingEdge/lib/mono/unityjit-win32'
Mono config path = 'C:/Program Files/Unity/Hub/Editor/2021.3.5f1/Editor/Data/MonoBleedingEdge/etc'
Using monoOptions --debugger-agent=transport=dt_socket,embedding=1,server=y,suspend=n,address=127.0.0.1:56400
Begin MonoManager ReloadAssembly
Registering precompiled unity dll's ...
Register platform support module: C:/Program Files/Unity/Hub/Editor/2021.3.5f1/Editor/Data/PlaybackEngines/AndroidPlayer/UnityEditor.Android.Extensions.dll
Register platform support module: C:/Program Files/Unity/Hub/Editor/2021.3.5f1/Editor/Data/PlaybackEngines/WindowsStandaloneSupport/UnityEditor.WindowsStandalone.Extensions.dll
Registered in 0.003633 seconds.
Native extension for WindowsStandalone target not found
Native extension for Android target not found
Refreshing native plugins compatible for Editor in 64.78 ms, found 3 plugins.
Preloading 0 native plugins for Editor in 0.00 ms.
Mono: successfully reloaded assembly
- Completed reload, in  0.475 seconds
Domain Reload Profiling:
	ReloadAssembly (476ms)
		BeginReloadAssembly (50ms)
			ExecutionOrderSort (0ms)
			DisableScriptedObjects (0ms)
			BackupInstance (0ms)
			ReleaseScriptingObjects (0ms)
			CreateAndSetChildDomain (1ms)
		EndReloadAssembly (349ms)
			LoadAssemblies (49ms)
			RebuildTransferFunctionScriptingTraits (0ms)
			SetupTypeCache (75ms)
			ReleaseScriptCaches (0ms)
			RebuildScriptCaches (19ms)
			SetupLoadedEditorAssemblies (217ms)
				LogAssemblyErrors (0ms)
				InitializePlatformSupportModulesInManaged (43ms)
				SetLoadedEditorAssemblies (0ms)
				RefreshPlugins (65ms)
				BeforeProcessingInitializeOnLoad (1ms)
				ProcessInitializeOnLoadAttributes (75ms)
				ProcessInitializeOnLoadMethodAttributes (33ms)
				AfterProcessingInitializeOnLoad (0ms)
				EditorAssembliesLoaded (0ms)
			ExecutionOrderSort2 (0ms)
			AwakeInstancesAfterBackupRestoration (0ms)
Platform modules already initialized, skipping
Registering precompiled user dll's ...
Registered in 0.005945 seconds.
Begin MonoManager ReloadAssembly
Symbol file LoadedFromMemory doesn't match image C:\Metaverse_KYH\-model-of-friends-across-the-street\My project\Library\PackageCache\com.unity.visualscripting@1.7.8\Editor\VisualScripting.Core\Dependencies\YamlDotNet\Unity.VisualScripting.YamlDotNet.dll
Symbol file LoadedFromMemory doesn't match image C:\Metaverse_KYH\-model-of-friends-across-the-street\My project\Library\PackageCache\com.unity.visualscripting@1.7.8\Editor\VisualScripting.Core\Dependencies\DotNetZip\Unity.VisualScripting.IonicZip.dll
Native extension for WindowsStandalone target not found
Native extension for Android target not found
Refreshing native plugins compatible for Editor in 0.64 ms, found 3 plugins.
Preloading 0 native plugins for Editor in 0.00 ms.
Mono: successfully reloaded assembly
- Completed reload, in  0.914 seconds
Domain Reload Profiling:
	ReloadAssembly (915ms)
		BeginReloadAssembly (196ms)
			ExecutionOrderSort (0ms)
			DisableScriptedObjects (5ms)
			BackupInstance (0ms)
			ReleaseScriptingObjects (0ms)
			CreateAndSetChildDomain (131ms)
		EndReloadAssembly (633ms)
			LoadAssemblies (56ms)
			RebuildTransferFunctionScriptingTraits (0ms)
			SetupTypeCache (179ms)
			ReleaseScriptCaches (0ms)
			RebuildScriptCaches (36ms)
			SetupLoadedEditorAssemblies (324ms)
				LogAssemblyErrors (0ms)
				InitializePlatformSupportModulesInManaged (11ms)
				SetLoadedEditorAssemblies (0ms)
				RefreshPlugins (1ms)
				BeforeProcessingInitializeOnLoad (69ms)
				ProcessInitializeOnLoadAttributes (212ms)
				ProcessInitializeOnLoadMethodAttributes (24ms)
				AfterProcessingInitializeOnLoad (6ms)
				EditorAssembliesLoaded (0ms)
			ExecutionOrderSort2 (0ms)
			AwakeInstancesAfterBackupRestoration (5ms)
Platform modules already initialized, skipping
========================================================================
Worker process is ready to serve import requests
Launched and connected shader compiler UnityShaderCompiler.exe after 0.03 seconds
Refreshing native plugins compatible for Editor in 0.85 ms, found 3 plugins.
Preloading 0 native plugins for Editor in 0.00 ms.
Unloading 3431 Unused Serialized files (Serialized files now loaded: 0)
Unloading 27 unused Assets / (111.6 KB). Loaded Objects now: 3889.
Memory consumption went from 119.8 MB to 119.7 MB.
Total: 2.667300 ms (FindLiveObjects: 0.251700 ms CreateObjectMapping: 0.091200 ms MarkObjects: 2.232900 ms  DeleteObjects: 0.090700 ms)

AssetImportParameters requested are different than current active one (requested -> active):
  custom:video-decoder-ogg-theora: a1e56fd34408186e4bbccfd4996cb3dc -> 
  custom:container-muxer-webm: aa71ff27fc2769a1b78a27578f13a17b -> 
  custom:container-demuxer-webm: 4f35f7cbe854078d1ac9338744f61a02 -> 
  custom:video-encoder-webm-vp8: eb34c28f22e8b96e1ab97ce403110664 -> 
  custom:audio-encoder-webm-vorbis: bf7c407c2cedff20999df2af8eb42d56 -> 
  custom:framework-win-MediaFoundation: 216162199b28c13a410421893ffa2e32 -> 
  custom:container-demuxer-ogg: 62fdf1f143b41e24485cea50d1cbac27 -> 
  custom:video-decoder-webm-vp8: 9c59270c3fd7afecdb556c50c9e8de78 -> 
  custom:audio-decoder-ogg-vorbis: bf7c407c2cedff20999df2af8eb42d56 -> 
========================================================================
Received Import Request.
  Time since last request: 1137610.471565 seconds.
  path: Assets/Viuletti City low poly/Prefabs/Buildings/Building two color.prefab
  artifactKey: Guid(b6adf14e248ee014597da88e5b5cb4b8) Importer(815301076,1909f56bfc062723c751e8b465ee728b)
Start importing Assets/Viuletti City low poly/Prefabs/Buildings/Building two color.prefab using Guid(b6adf14e248ee014597da88e5b5cb4b8) Importer(815301076,1909f56bfc062723c751e8b465ee728b)  -> (artifact id: '74d54f7b53db3c2bcef1383b4fc81df6') in 0.119076 seconds 
========================================================================
Received Import Request.
  Time since last request: 0.000023 seconds.
  path: Assets/Viuletti City low poly/Prefabs/Buildings/Building with antenna.prefab
  artifactKey: Guid(ab28e8006e210aa4480fe64bd6fa7208) Importer(815301076,1909f56bfc062723c751e8b465ee728b)
Start importing Assets/Viuletti City low poly/Prefabs/Buildings/Building with antenna.prefab using Guid(ab28e8006e210aa4480fe64bd6fa7208) Importer(815301076,1909f56bfc062723c751e8b465ee728b)  -> (artifact id: '76077d757d93c2c32a4b43e8cf9ea72a') in 0.019012 seconds 
========================================================================
Received Import Request.
  Time since last request: 0.000027 seconds.
  path: Assets/Viuletti City low poly/Prefabs/Buildings/Small building.prefab
  artifactKey: Guid(31d5af46872794c47831f7a6da72a909) Importer(815301076,1909f56bfc062723c751e8b465ee728b)
Start importing Assets/Viuletti City low poly/Prefabs/Buildings/Small building.prefab using Guid(31d5af46872794c47831f7a6da72a909) Importer(815301076,1909f56bfc062723c751e8b465ee728b)  -> (artifact id: '1230d6c5eba26de22e56d8209dc939e8') in 0.022379 seconds 
========================================================================
Received Import Request.
  Time since last request: 0.342656 seconds.
  path: Assets/Viuletti City low poly/Prefabs/Nature/Empty grass.prefab
  artifactKey: Guid(794931ad8054d8f4485bc161f83a2a14) Importer(815301076,1909f56bfc062723c751e8b465ee728b)
Start importing Assets/Viuletti City low poly/Prefabs/Nature/Empty grass.prefab using Guid(794931ad8054d8f4485bc161f83a2a14) Importer(815301076,1909f56bfc062723c751e8b465ee728b)  -> (artifact id: 'b01e14edf21bf36f529e2b14de7e79b3') in 0.016204 seconds 
========================================================================
Received Import Request.
  Time since last request: 0.000020 seconds.
  path: Assets/Viuletti City low poly/Prefabs/Nature/Rock big.prefab
  artifactKey: Guid(47168710cae13564398951978cf51b02) Importer(815301076,1909f56bfc062723c751e8b465ee728b)
Start importing Assets/Viuletti City low poly/Prefabs/Nature/Rock big.prefab using Guid(47168710cae13564398951978cf51b02) Importer(815301076,1909f56bfc062723c751e8b465ee728b)  -> (artifact id: 'd55338a8de86ca950ae324c89f1e8d17') in 0.011083 seconds 
========================================================================
Received Import Request.
  Time since last request: 0.000025 seconds.
  path: Assets/Viuletti City low poly/Prefabs/Nature/Spruce.prefab
  artifactKey: Guid(c0398b97943a5fd4f8bc102a121965b5) Importer(815301076,1909f56bfc062723c751e8b465ee728b)
Start importing Assets/Viuletti City low poly/Prefabs/Nature/Spruce.prefab using Guid(c0398b97943a5fd4f8bc102a121965b5) Importer(815301076,1909f56bfc062723c751e8b465ee728b)  -> (artifact id: 'e4c363c868ba89aedb8189f1474260cf') in 0.022020 seconds 
========================================================================
Received Import Request.
  Time since last request: 0.000022 seconds.
  path: Assets/Viuletti City low poly/Prefabs/Nature/Rock flat.prefab
  artifactKey: Guid(f6a7de34eda02fa4c8c69ce438f649a5) Importer(815301076,1909f56bfc062723c751e8b465ee728b)
Start importing Assets/Viuletti City low poly/Prefabs/Nature/Rock flat.prefab using Guid(f6a7de34eda02fa4c8c69ce438f649a5) Importer(815301076,1909f56bfc062723c751e8b465ee728b)  -> (artifact id: '05655e19845cb60b9facdc318e745458') in 0.010742 seconds 
========================================================================
Received Import Request.
  Time since last request: 1.717867 seconds.
  path: Assets/Viuletti City low poly/Prefabs/Roads/Parking lot 15.prefab
  artifactKey: Guid(d3563796ab2fa2d4ba462eb11916b77f) Importer(815301076,1909f56bfc062723c751e8b465ee728b)
Start importing Assets/Viuletti City low poly/Prefabs/Roads/Parking lot 15.prefab using Guid(d3563796ab2fa2d4ba462eb11916b77f) Importer(815301076,1909f56bfc062723c751e8b465ee728b)  -> (artifact id: '82c735ce0f3999ea225f9ac7336fffec') in 0.022903 seconds 
========================================================================
Received Import Request.
  Time since last request: 0.000017 seconds.
  path: Assets/Viuletti City low poly/Prefabs/Roads/Turn.prefab
  artifactKey: Guid(f79ac4e821519164194463f7fa336938) Importer(815301076,1909f56bfc062723c751e8b465ee728b)
Start importing Assets/Viuletti City low poly/Prefabs/Roads/Turn.prefab using Guid(f79ac4e821519164194463f7fa336938) Importer(815301076,1909f56bfc062723c751e8b465ee728b)  -> (artifact id: '008edb252eb802b8cbab643cbd57edae') in 0.017257 seconds 
========================================================================
Received Import Request.
  Time since last request: 4568.103565 seconds.
  path: Assets/Materials/Wood2.mat
  artifactKey: Guid(fb2b089f8fdf65c468a302dc3d852928) Importer(815301076,1909f56bfc062723c751e8b465ee728b)
Start importing Assets/Materials/Wood2.mat using Guid(fb2b089f8fdf65c468a302dc3d852928) Importer(815301076,1909f56bfc062723c751e8b465ee728b)  -> (artifact id: '9149d108102b8e277c9224e2d38aa2f0') in 0.042783 seconds 
========================================================================
Received Import Request.
  Time since last request: 634.146530 seconds.
  path: Assets/Train/Prefabs/2.prefab
  artifactKey: Guid(cb6e3c47766275948a05aac4621c1c7a) Importer(815301076,1909f56bfc062723c751e8b465ee728b)
Start importing Assets/Train/Prefabs/2.prefab using Guid(cb6e3c47766275948a05aac4621c1c7a) Importer(815301076,1909f56bfc062723c751e8b465ee728b)  -> (artifact id: 'b09a10c185dbf3201694f196e0dce359') in 0.291554 seconds 
========================================================================
Received Import Request.
  Time since last request: 0.000031 seconds.
  path: Assets/Train/Prefabs/3.prefab
  artifactKey: Guid(89125e248c44a274a816c73c4a565a1c) Importer(815301076,1909f56bfc062723c751e8b465ee728b)
Start importing Assets/Train/Prefabs/3.prefab using Guid(89125e248c44a274a816c73c4a565a1c) Importer(815301076,1909f56bfc062723c751e8b465ee728b)  -> (artifact id: 'ee4959da92fd29e887950861f334a8e6') in 0.070051 seconds 
========================================================================
Received Import Request.
  Time since last request: 0.000032 seconds.
  path: Assets/Train/Prefabs/Train.prefab
  artifactKey: Guid(825fa18a72a60a94c826fb76f103f6b8) Importer(815301076,1909f56bfc062723c751e8b465ee728b)
Start importing Assets/Train/Prefabs/Train.prefab using Guid(825fa18a72a60a94c826fb76f103f6b8) Importer(815301076,1909f56bfc062723c751e8b465ee728b)  -> (artifact id: '304a40c0b98bc703c883515b5d440c8a') in 0.068336 seconds 
========================================================================
Received Prepare
Registering precompiled user dll's ...
Registered in 0.003642 seconds.
Begin MonoManager ReloadAssembly
Symbol file LoadedFromMemory doesn't match image C:\Metaverse_KYH\-model-of-friends-across-the-street\My project\Library\PackageCache\com.unity.visualscripting@1.7.8\Editor\VisualScripting.Core\Dependencies\YamlDotNet\Unity.VisualScripting.YamlDotNet.dll
Symbol file LoadedFromMemory doesn't match image C:\Metaverse_KYH\-model-of-friends-across-the-street\My project\Library\PackageCache\com.unity.visualscripting@1.7.8\Editor\VisualScripting.Core\Dependencies\DotNetZip\Unity.VisualScripting.IonicZip.dll
Native extension for WindowsStandalone target not found
Native extension for Android target not found
Refreshing native plugins compatible for Editor in 0.95 ms, found 3 plugins.
Preloading 0 native plugins for Editor in 0.00 ms.
Mono: successfully reloaded assembly
- Completed reload, in  0.924 seconds
Domain Reload Profiling:
	ReloadAssembly (925ms)
		BeginReloadAssembly (121ms)
			ExecutionOrderSort (0ms)
			DisableScriptedObjects (3ms)
			BackupInstance (0ms)
			ReleaseScriptingObjects (0ms)
			CreateAndSetChildDomain (43ms)
		EndReloadAssembly (713ms)
			LoadAssemblies (64ms)
			RebuildTransferFunctionScriptingTraits (0ms)
			SetupTypeCache (245ms)
			ReleaseScriptCaches (2ms)
			RebuildScriptCaches (40ms)
			SetupLoadedEditorAssemblies (314ms)
				LogAssemblyErrors (0ms)
				InitializePlatformSupportModulesInManaged (21ms)
				SetLoadedEditorAssemblies (0ms)
				RefreshPlugins (1ms)
				BeforeProcessingInitializeOnLoad (62ms)
				ProcessInitializeOnLoadAttributes (196ms)
				ProcessInitializeOnLoadMethodAttributes (27ms)
				AfterProcessingInitializeOnLoad (6ms)
				EditorAssembliesLoaded (0ms)
			ExecutionOrderSort2 (0ms)
			AwakeInstancesAfterBackupRestoration (6ms)
Platform modules already initialized, skipping
Refreshing native plugins compatible for Editor in 2.06 ms, found 3 plugins.
Preloading 0 native plugins for Editor in 0.00 ms.
Unloading 3413 Unused Serialized files (Serialized files now loaded: 0)
Unloading 20 unused Assets / (78.9 KB). Loaded Objects now: 3931.
Memory consumption went from 125.2 MB to 125.2 MB.
Total: 3.437100 ms (FindLiveObjects: 0.319500 ms CreateObjectMapping: 0.080500 ms MarkObjects: 2.909200 ms  DeleteObjects: 0.126800 ms)

AssetImportParameters requested are different than current active one (requested -> active):
  custom:video-decoder-ogg-theora: a1e56fd34408186e4bbccfd4996cb3dc -> 
  custom:container-muxer-webm: aa71ff27fc2769a1b78a27578f13a17b -> 
  custom:container-demuxer-webm: 4f35f7cbe854078d1ac9338744f61a02 -> 
  custom:video-encoder-webm-vp8: eb34c28f22e8b96e1ab97ce403110664 -> 
  custom:audio-encoder-webm-vorbis: bf7c407c2cedff20999df2af8eb42d56 -> 
  custom:framework-win-MediaFoundation: 216162199b28c13a410421893ffa2e32 -> 
  custom:container-demuxer-ogg: 62fdf1f143b41e24485cea50d1cbac27 -> 
  custom:video-decoder-webm-vp8: 9c59270c3fd7afecdb556c50c9e8de78 -> 
  custom:audio-decoder-ogg-vorbis: bf7c407c2cedff20999df2af8eb42d56 -> 
========================================================================
Received Import Request.
  Time since last request: 49.475623 seconds.
  path: Assets/Train/Textures/Train_MetallicGlossMap.png
  artifactKey: Guid(af7ff4b1bd4a7794d8a0e161fbf53cc4) Importer(815301076,1909f56bfc062723c751e8b465ee728b)
Start importing Assets/Train/Textures/Train_MetallicGlossMap.png using Guid(af7ff4b1bd4a7794d8a0e161fbf53cc4) Importer(815301076,1909f56bfc062723c751e8b465ee728b)  -> (artifact id: 'f74c2bfb2fdc8ae4603a9ee8fc76fd45') in 0.073398 seconds 
========================================================================
Received Import Request.
  Time since last request: 0.000016 seconds.
  path: Assets/Train/Textures/Train_OcclusionMap.png
  artifactKey: Guid(37b97cf95ddeab8449389b4cc00a2357) Importer(815301076,1909f56bfc062723c751e8b465ee728b)
Start importing Assets/Train/Textures/Train_OcclusionMap.png using Guid(37b97cf95ddeab8449389b4cc00a2357) Importer(815301076,1909f56bfc062723c751e8b465ee728b)  -> (artifact id: '67ea359c83e22620418ad6e4bc83ae56') in 0.014621 seconds 
Editor requested this worker to shutdown with reason: Scaling down because of idle timeout
AssetImportWorker is now disconnected from the server
Process exiting
Exiting without the bug reporter. Application will terminate with return code 0